[1;36m[1/6] Clonando BusyBox...[0m
[1;36m[2/6] Configurando BusyBox (binario estático)...[0m
scripts/kconfig/conf -d Config.in
*
* Busybox Configuration
*
*
* Settings
*
Enable compatibility for full-blown desktop systems (8kb) (DESKTOP) [Y/n/?] (NEW) y
Provide compatible behavior for rare corner cases (bigger code) (EXTRA_COMPAT) [N/y/?] (NEW) n
Building for Fedora distribution (FEDORA_COMPAT) [N/y/?] (NEW) n
Enable obsolete features removed before SUSv3 (INCLUDE_SUSv2) [Y/n/?] (NEW) y
Support --long-options (LONG_OPTS) [Y/?] (NEW) y
Show applet usage messages (SHOW_USAGE) [Y/n/?] (NEW) y
  Show verbose applet usage messages (FEATURE_VERBOSE_USAGE) [Y/n/?] (NEW) y
  Store applet usage messages in compressed form (FEATURE_COMPRESS_USAGE) [Y/n/?] (NEW) y
Support files > 2 GB (LFS) [Y/n/?] (NEW) y
  Support 64bit wide time types (TIME64) [Y/n/?] (NEW) y
Support PAM (Pluggable Authentication Modules) (PAM) [N/y/?] (NEW) n
Use the devpts filesystem for Unix98 PTYs (FEATURE_DEVPTS) [Y/n/?] (NEW) y
Support utmp file (FEATURE_UTMP) [Y/n/?] (NEW) y
  Support wtmp file (FEATURE_WTMP) [Y/n/?] (NEW) y
Support writing pidfiles (FEATURE_PIDFILE) [Y/n/?] (NEW) y
  Directory for pidfiles (PID_FILE_PATH) [/var/run] (NEW) /var/run
Include busybox applet (BUSYBOX) [Y/n/?] (NEW) y
  Support --show SCRIPT (FEATURE_SHOW_SCRIPT) [Y/n] (NEW) y
  Support --install [-s] to install applet links at runtime (FEATURE_INSTALLER) [Y/n/?] (NEW) y
  Support --version (FEATURE_VERSION) [Y/n/?] (NEW) y
Don't use /usr (INSTALL_NO_USR) [N/y/?] (NEW) n
Drop SUID state for most applets (FEATURE_SUID) [Y/n/?] (NEW) y
  Enable SUID configuration via /etc/busybox.conf (FEATURE_SUID_CONFIG) [Y/n/?] (NEW) y
    Suppress warning message if /etc/busybox.conf is not readable (FEATURE_SUID_CONFIG_QUIET) [Y/n/?] (NEW) y
exec prefers applets (FEATURE_PREFER_APPLETS) [N/y/?] (NEW) n
Path to busybox executable (BUSYBOX_EXEC_PATH) [/proc/self/exe] (NEW) /proc/self/exe
Support NSA Security Enhanced Linux (SELINUX) [N/y/?] (NEW) n
Clean up all memory before exiting (usually not needed) (FEATURE_CLEAN_UP) [N/y/?] (NEW) n
Support LOG_INFO level syslog messages (FEATURE_SYSLOG_INFO) [Y/n/?] (NEW) y
*
* Build Options
*
Build static binary (no shared libs) (STATIC) [N/y/?] (NEW) n
  Build position independent executable (PIE) [N/y/?] (NEW) n
Force NOMMU build (NOMMU) [N/y/?] (NEW) n
Build shared libbusybox (BUILD_LIBBUSYBOX) [N/y/?] (NEW) n
Cross compiler prefix (CROSS_COMPILER_PREFIX) [] (NEW) 
Path to sysroot (SYSROOT) [] (NEW) 
Additional CFLAGS (EXTRA_CFLAGS) [] (NEW) 
Additional LDFLAGS (EXTRA_LDFLAGS) [] (NEW) 
Additional LDLIBS (EXTRA_LDLIBS) [] (NEW) 
Avoid using GCC-specific code constructs (USE_PORTABLE_CODE) [N/y/?] (NEW) n
Use -mpreferred-stack-boundary=2 on i386 arch (STACK_OPTIMIZATION_386) [Y/n/?] (NEW) y
Use -static-libgcc (STATIC_LIBGCC) [Y/n/?] (NEW) y
*
* Installation Options ("make install" behavior)
*
What kind of applet links to install
> 1. as soft-links (INSTALL_APPLET_SYMLINKS) (NEW)
  2. as hard-links (INSTALL_APPLET_HARDLINKS) (NEW)
  3. as script wrappers (INSTALL_APPLET_SCRIPT_WRAPPERS) (NEW)
  4. not installed (INSTALL_APPLET_DONT) (NEW)
choice[1-4?]: 1
Destination path for 'make install' (PREFIX) [./_install] (NEW) ./_install
*
* Debugging Options
*
Build with debug information (DEBUG) [N/y/?] (NEW) n
Enable runtime sanitizers (ASAN/LSAN/USAN/etc...) (DEBUG_SANITIZE) [N/y/?] (NEW) n
Build unit tests (UNIT_TEST) [N/y/?] (NEW) n
Abort compilation on any warning (WERROR) [N/y/?] (NEW) n
Warn about single parameter bb_xx_msg calls (WARN_SIMPLE_MSG) [N/y/?] (NEW) n
Additional debugging library
> 1. None (NO_DEBUG_LIB) (NEW)
  2. Dmalloc (DMALLOC) (NEW)
  3. Electric-fence (EFENCE) (NEW)
choice[1-3?]: 1
*
* Library Tuning
*
Use the end of BSS page (FEATURE_USE_BSS_TAIL) [N/y/?] (NEW) n
Enable fractional duration arguments (FLOAT_DURATION) [Y/n/?] (NEW) y
Support RTMIN[+n] and RTMAX[-n] signal names (FEATURE_RTMINMAX) [Y/n/?] (NEW) y
  Use the definitions of SIGRTMIN/SIGRTMAX provided by libc (FEATURE_RTMINMAX_USE_LIBC_DEFINITIONS) [Y/n/?] (NEW) y
Buffer allocation policy
> 1. Allocate with Malloc (FEATURE_BUFFERS_USE_MALLOC) (NEW)
  2. Allocate on the Stack (FEATURE_BUFFERS_GO_ON_STACK) (NEW)
  3. Allocate in the .bss section (FEATURE_BUFFERS_GO_IN_BSS) (NEW)
choice[1-3?]: 1
Minimum password length (PASSWORD_MINLEN) [6] (NEW) 6
MD5: Trade bytes for speed (0:fast, 3:slow) (MD5_SMALL) [1] (NEW) 1
SHA1: Trade bytes for speed (0:fast, 3:slow) (SHA1_SMALL) [3] (NEW) 3
SHA1: Use hardware accelerated instructions if possible (SHA1_HWACCEL) [Y/n/?] (NEW) y
SHA256: Use hardware accelerated instructions if possible (SHA256_HWACCEL) [Y/n/?] (NEW) y
SHA3: Trade bytes for speed (0:fast, 1:slow) (SHA3_SMALL) [1] (NEW) 1
Non-POSIX, but safer, copying to special nodes (FEATURE_NON_POSIX_CP) [Y/n/?] (NEW) y
Give more precise messages when copy fails (cp, mv etc) (FEATURE_VERBOSE_CP_MESSAGE) [N/y/?] (NEW) n
Use sendfile system call (FEATURE_USE_SENDFILE) [Y/n/?] (NEW) y
Copy buffer size, in kilobytes (FEATURE_COPYBUF_KB) [4] (NEW) 4
Use clock_gettime(CLOCK_MONOTONIC) syscall (MONOTONIC_SYSCALL) [Y/n/?] (NEW) y
Use ioctl names rather than hex values in error messages (IOCTL_HEX2STR_ERROR) [Y/n/?] (NEW) y
Command line editing (FEATURE_EDITING) [Y/n/?] (NEW) y
  Maximum length of input (FEATURE_EDITING_MAX_LEN) [1024] (NEW) 1024
  vi-style line editing commands (FEATURE_EDITING_VI) [N/y/?] (NEW) n
  History size (FEATURE_EDITING_HISTORY) [200] (NEW) 200
  History saving (FEATURE_EDITING_SAVEHISTORY) [Y/n/?] (NEW) y
    Save history on shell exit, not after every command (FEATURE_EDITING_SAVE_ON_EXIT) [N/y/?] (NEW) n
  Reverse history search (FEATURE_REVERSE_SEARCH) [Y/n/?] (NEW) y
  Tab completion (FEATURE_TAB_COMPLETION) [Y/n] (NEW) y
    Username completion (FEATURE_USERNAME_COMPLETION) [Y/n] (NEW) y
  Fancy shell prompts (FEATURE_EDITING_FANCY_PROMPT) [Y/n/?] (NEW) y
  Enable automatic tracking of window size changes (FEATURE_EDITING_WINCH) [Y/n] (NEW) y
  Query cursor position from terminal (FEATURE_EDITING_ASK_TERMINAL) [N/y/?] (NEW) n
Enable locale support (system needs locale for this to work) (LOCALE_SUPPORT) [N/y/?] (NEW) n
Support Unicode (UNICODE_SUPPORT) [Y/n/?] (NEW) y
  Check $LC_ALL, $LC_CTYPE and $LANG environment variables (FEATURE_CHECK_UNICODE_IN_ENV) [N/y/?] (NEW) n
  Character code to substitute unprintable characters with (SUBST_WCHAR) [63] (NEW) 63
  Range of supported Unicode characters (LAST_SUPPORTED_WCHAR) [767] (NEW) 767
  Allow zero-width Unicode characters on output (UNICODE_COMBINING_WCHARS) [N/y/?] (NEW) n
  Allow wide Unicode characters on output (UNICODE_WIDE_WCHARS) [N/y/?] (NEW) n
  Bidirectional character-aware line input (UNICODE_BIDI_SUPPORT) [N/y/?] (NEW) n
  Make it possible to enter sequences of chars which are not Unicode (UNICODE_PRESERVE_BROKEN) [N/y/?] (NEW) n
Use LOOP_CONFIGURE for losetup and loop mounts
  1. use LOOP_CONFIGURE, needs kernel >= 5.8 (LOOP_CONFIGURE) (NEW)
  2. use LOOP_SET_FD + LOOP_SET_STATUS (NO_LOOP_CONFIGURE) (NEW)
> 3. try LOOP_CONFIGURE, fall back to LOOP_SET_FD + LOOP_SET_STATUS (TRY_LOOP_CONFIGURE) (NEW)
choice[1-3?]: 3
*
* Applets
*
*
* Archival Utilities
*
Make tar, rpm, modprobe etc understand .xz data (FEATURE_SEAMLESS_XZ) [Y/n] (NEW) y
Make tar, rpm, modprobe etc understand .lzma data (FEATURE_SEAMLESS_LZMA) [Y/n] (NEW) y
Make tar, rpm, modprobe etc understand .bz2 data (FEATURE_SEAMLESS_BZ2) [Y/n] (NEW) y
Make tar, rpm, modprobe etc understand .gz data (FEATURE_SEAMLESS_GZ) [Y] (NEW) y
Make tar, rpm, modprobe etc understand .Z data (FEATURE_SEAMLESS_Z) [N/y] (NEW) n
ar (9.5 kb) (AR) [N/y/?] (NEW) n
uncompress (7.1 kb) (UNCOMPRESS) [N/y/?] (NEW) n
gunzip (11 kb) (GUNZIP) [Y/n/?] (NEW) y
zcat (24 kb) (ZCAT) [Y/n/?] (NEW) y
  Enable long options (FEATURE_GUNZIP_LONG_OPTIONS) [Y/n] (NEW) y
bunzip2 (9.1 kb) (BUNZIP2) [Y/n/?] (NEW) y
bzcat (9 kb) (BZCAT) [Y/n/?] (NEW) y
unlzma (7.8 kb) (UNLZMA) [Y/n/?] (NEW) y
lzcat (7.8 kb) (LZCAT) [Y/n/?] (NEW) y
lzma -d (LZMA) [Y/n/?] (NEW) y
unxz (13 kb) (UNXZ) [Y/n/?] (NEW) y
xzcat (13 kb) (XZCAT) [Y/n/?] (NEW) y
xz -d (XZ) [Y/n/?] (NEW) y
bzip2 (16 kb) (BZIP2) [Y/n/?] (NEW) y
  Trade bytes for speed (0:fast, 9:small) (BZIP2_SMALL) [8] (NEW) 8
  Enable decompression (FEATURE_BZIP2_DECOMPRESS) [Y/?] (NEW) y
cpio (15 kb) (CPIO) [Y/n/?] (NEW) y
  Support archive creation (FEATURE_CPIO_O) [Y/n/?] (NEW) y
    Support passthrough mode (FEATURE_CPIO_P) [Y/n/?] (NEW) y
    Support --ignore-devno like GNU cpio (FEATURE_CPIO_IGNORE_DEVNO) [Y/n/?] (NEW) y
    Support --renumber-inodes like GNU cpio (FEATURE_CPIO_RENUMBER_INODES) [Y/n/?] (NEW) y
dpkg (43 kb) (DPKG) [Y/n/?] (NEW) y
dpkg-deb (29 kb) (DPKG_DEB) [Y/n/?] (NEW) y
gzip (17 kb) (GZIP) [Y/n/?] (NEW) y
  Enable long options (FEATURE_GZIP_LONG_OPTIONS) [Y/n] (NEW) y
  Trade memory for speed (0:small,slow - 2:fast,big) (GZIP_FAST) [0] (NEW) 0
  Enable compression levels (FEATURE_GZIP_LEVELS) [N/y/?] (NEW) n
  Enable decompression (FEATURE_GZIP_DECOMPRESS) [Y/?] (NEW) y
lzop (13 kb) (LZOP) [Y/n/?] (NEW) y
unlzop (13 kb) (UNLZOP) [N/y/?] (NEW) n
lzopcat (13 kb) (LZOPCAT) [N/y/?] (NEW) n
  lzop compression levels 7,8,9 (not very useful) (LZOP_COMPR_HIGH) [N/y/?] (NEW) n
rpm (32 kb) (RPM) [Y/n/?] (NEW) y
rpm2cpio (21 kb) (RPM2CPIO) [Y/n/?] (NEW) y
tar (39 kb) (TAR) [Y/n/?] (NEW) y
  Enable long options (FEATURE_TAR_LONG_OPTIONS) [Y/n] (NEW) y
  Enable -c (archive creation) (FEATURE_TAR_CREATE) [Y/n] (NEW) y
  Autodetect compressed tarballs (FEATURE_TAR_AUTODETECT) [Y/n/?] (NEW) y
  Enable -X (exclude from) and -T (include from) options (FEATURE_TAR_FROM) [Y/n/?] (NEW) y
  Support old tar header format (FEATURE_TAR_OLDGNU_COMPATIBILITY) [Y/n/?] (NEW) y
  Enable untarring of tarballs with checksums produced by buggy Sun tar (FEATURE_TAR_OLDSUN_COMPATIBILITY) [Y/n/?] (NEW) y
  Support GNU tar extensions (long filenames) (FEATURE_TAR_GNU_EXTENSIONS) [Y/n] (NEW) y
  Support writing to an external program (--to-command) (FEATURE_TAR_TO_COMMAND) [Y/n/?] (NEW) y
  Enable use of user and group names (FEATURE_TAR_UNAME_GNAME) [Y/n/?] (NEW) y
  Enable -m (do not preserve time) GNU option (FEATURE_TAR_NOPRESERVE_TIME) [Y/n] (NEW) y
unzip (26 kb) (UNZIP) [Y/n/?] (NEW) y
  Read and use Central Directory data (FEATURE_UNZIP_CDF) [Y/n/?] (NEW) y
    Support compression method 12 (bzip2) (FEATURE_UNZIP_BZIP2) [Y/n] (NEW) y
    Support compression method 14 (lzma) (FEATURE_UNZIP_LZMA) [Y/n] (NEW) y
    Support compression method 95 (xz) (FEATURE_UNZIP_XZ) [Y/n] (NEW) y
Optimize lzma for speed (FEATURE_LZMA_FAST) [N/y/?] (NEW) n
Prevent extraction of filenames with /../ path component (FEATURE_PATH_TRAVERSAL_PROTECTION) [N/y/?] (NEW) n
*
* Coreutils
*
Support verbose options (usually -v) for various applets (FEATURE_VERBOSE) [Y/n/?] (NEW) y
*
* Common options for date and touch
*
Allow timezone in dates (FEATURE_TIMEZONE) [Y/n/?] (NEW) y
*
* Common options for cp and mv
*
Preserve hard links (FEATURE_PRESERVE_HARDLINKS) [Y/n/?] (NEW) y
*
* Common options for df, du, ls
*
Support human readable output (example 13k, 23M, 235G) (FEATURE_HUMAN_READABLE) [Y/n/?] (NEW) y
basename (3.7 kb) (BASENAME) [Y/n/?] (NEW) y
cat (5.8 kb) (CAT) [Y/n/?] (NEW) y
  Enable -n and -b options (FEATURE_CATN) [Y/n/?] (NEW) y
  cat -v[etA] (FEATURE_CATV) [Y/n/?] (NEW) y
chgrp (7.6 kb) (CHGRP) [Y/n/?] (NEW) y
chmod (5.5 kb) (CHMOD) [Y/n/?] (NEW) y
chown (7.6 kb) (CHOWN) [Y/n/?] (NEW) y
  Enable long options (FEATURE_CHOWN_LONG_OPTIONS) [Y/n] (NEW) y
chroot (4 kb) (CHROOT) [Y/n/?] (NEW) y
cksum (4.3 kb) (CKSUM) [Y/n] (NEW) y
crc32 (4.2 kb) (CRC32) [Y/n] (NEW) y
comm (4.4 kb) (COMM) [Y/n/?] (NEW) y
cp (10 kb) (CP) [Y/n/?] (NEW) y
  Enable long options (FEATURE_CP_LONG_OPTIONS) [Y/n/?] (NEW) y
    Enable --reflink[=auto] (FEATURE_CP_REFLINK) [Y/n] (NEW) y
cut (6.7 kb) (CUT) [Y/n/?] (NEW) y
  cut -F (FEATURE_CUT_REGEX) [Y/n/?] (NEW) y
date (7.2 kb) (DATE) [Y/n/?] (NEW) y
  Enable ISO date format output (-I) (FEATURE_DATE_ISOFMT) [Y/n/?] (NEW) y
  Support %[num]N nanosecond format specifier (FEATURE_DATE_NANO) [N/y/?] (NEW) n
  Support weird 'date MMDDhhmm[[YY]YY][.ss]' format (FEATURE_DATE_COMPAT) [Y/n/?] (NEW) y
dd (8.3 kb) (DD) [Y/n/?] (NEW) y
  Enable signal handling for status reporting (FEATURE_DD_SIGNAL_HANDLING) [Y/n/?] (NEW) y
    Enable the third status line upon signal (FEATURE_DD_THIRD_STATUS_LINE) [Y/n/?] (NEW) y
  Enable ibs, obs, iflag, oflag and conv options (FEATURE_DD_IBS_OBS) [Y/n/?] (NEW) y
  Enable status display options (FEATURE_DD_STATUS) [Y/n/?] (NEW) y
df (7.1 kb) (DF) [Y/n/?] (NEW) y
  Enable -a, -i, -B (FEATURE_DF_FANCY) [Y/n/?] (NEW) y
  Skip rootfs in mount table (FEATURE_SKIP_ROOTFS) [Y/n/?] (NEW) y
dirname (611 bytes) (DIRNAME) [Y/n/?] (NEW) y
dos2unix (5.5 kb) (DOS2UNIX) [Y/n/?] (NEW) y
unix2dos (5.5 kb) (UNIX2DOS) [Y/n/?] (NEW) y
du (6.5 kb) (DU) [Y/n/?] (NEW) y
  Use default blocksize of 1024 bytes (else it's 512 bytes) (FEATURE_DU_DEFAULT_BLOCKSIZE_1K) [Y/n] (NEW) y
echo (2 kb) (ECHO) [Y/n/?] (NEW) y
  Enable -n and -e options (FEATURE_FANCY_ECHO) [Y/n] (NEW) y
env (4.3 kb) (ENV) [Y/n/?] (NEW) y
expand (5.3 kb) (EXPAND) [Y/n/?] (NEW) y
unexpand (5.5 kb) (UNEXPAND) [Y/n/?] (NEW) y
expr (6.8 kb) (EXPR) [Y/n/?] (NEW) y
  Extend Posix numbers support to 64 bit (EXPR_MATH_SUPPORT_64) [Y/n/?] (NEW) y
factor (3.2 kb) (FACTOR) [Y/n/?] (NEW) y
false (314 bytes) (FALSE) [Y/n/?] (NEW) y
fold (4.8 kb) (FOLD) [Y/n/?] (NEW) y
head (4 kb) (HEAD) [Y/n/?] (NEW) y
  Enable -c, -q, and -v (FEATURE_FANCY_HEAD) [Y/n] (NEW) y
hostid (566 bytes) (HOSTID) [Y/n/?] (NEW) y
id (7.1 kb) (ID) [Y/n/?] (NEW) y
groups (6.8 kb) (GROUPS) [Y/n/?] (NEW) y
install (12 kb) (INSTALL) [Y/n/?] (NEW) y
  Enable long options (FEATURE_INSTALL_LONG_OPTIONS) [Y/n] (NEW) y
link (3.5 kb) (LINK) [Y/n/?] (NEW) y
ln (5.1 kb) (LN) [Y/n/?] (NEW) y
logname (1.4 kb) (LOGNAME) [Y/n/?] (NEW) y
ls (14 kb) (LS) [Y/n/?] (NEW) y
  Enable filetyping options (-p and -F) (FEATURE_LS_FILETYPES) [Y/n] (NEW) y
  Enable symlinks dereferencing (-L) (FEATURE_LS_FOLLOWLINKS) [Y/n] (NEW) y
  Enable recursion (-R) (FEATURE_LS_RECURSIVE) [Y/n] (NEW) y
  Enable -w WIDTH and window size autodetection (FEATURE_LS_WIDTH) [Y/n] (NEW) y
  Sort the file names (FEATURE_LS_SORTFILES) [Y/n/?] (NEW) y
  Show file timestamps (FEATURE_LS_TIMESTAMPS) [Y/n/?] (NEW) y
  Show username/groupnames (FEATURE_LS_USERNAME) [Y/n/?] (NEW) y
  Allow use of color to identify file types (FEATURE_LS_COLOR) [Y/n/?] (NEW) y
    Produce colored ls output by default (FEATURE_LS_COLOR_IS_DEFAULT) [Y/n/?] (NEW) y
md5sum (6.7 kb) (MD5SUM) [Y/n/?] (NEW) y
sha1sum (6.7 kb) (SHA1SUM) [Y/n/?] (NEW) y
sha256sum (8.2 kb) (SHA256SUM) [Y/n/?] (NEW) y
sha384sum (7.3 kb) (SHA384SUM) [Y/n/?] (NEW) y
sha512sum (7.3 kb) (SHA512SUM) [Y/n/?] (NEW) y
sha3sum (6.3 kb) (SHA3SUM) [Y/n/?] (NEW) y
  *
  * Common options for md5sum, sha1sum, sha256sum, ..., sha3sum
  *
  Enable -c, -s and -w options (FEATURE_MD5_SHA1_SUM_CHECK) [Y/n/?] (NEW) y
mkdir (4.7 kb) (MKDIR) [Y/n/?] (NEW) y
mkfifo (4 kb) (MKFIFO) [Y/n/?] (NEW) y
mknod (4.6 kb) (MKNOD) [Y/n/?] (NEW) y
mktemp (4.5 kb) (MKTEMP) [Y/n/?] (NEW) y
mv (10 kb) (MV) [Y/n/?] (NEW) y
nice (2.3 kb) (NICE) [Y/n/?] (NEW) y
nl (4.9 kb) (NL) [Y/n/?] (NEW) y
nohup (2.2 kb) (NOHUP) [Y/n/?] (NEW) y
nproc (3.9 kb) (NPROC) [Y/n/?] (NEW) y
od (11 kb) (OD) [Y/n/?] (NEW) y
paste (5.1 kb) (PASTE) [Y/n/?] (NEW) y
printenv (1.6 kb) (PRINTENV) [Y/n/?] (NEW) y
printf (4.1 kb) (PRINTF) [Y/n/?] (NEW) y
pwd (4 kb) (PWD) [Y/n/?] (NEW) y
readlink (4.8 kb) (READLINK) [Y/n/?] (NEW) y
  Enable canonicalization by following all symlinks (-f) (FEATURE_READLINK_FOLLOW) [Y/n/?] (NEW) y
realpath (2.5 kb) (REALPATH) [Y/n/?] (NEW) y
rm (5.5 kb) (RM) [Y/n/?] (NEW) y
rmdir (3.8 kb) (RMDIR) [Y/n/?] (NEW) y
seq (4 kb) (SEQ) [Y/n/?] (NEW) y
shred (5.5 kb) (SHRED) [Y/n/?] (NEW) y
shuf (6 kb) (SHUF) [Y/n/?] (NEW) y
sleep (2.4 kb) (SLEEP) [Y/n/?] (NEW) y
  Enable multiple arguments and s/m/h/d suffixes (FEATURE_FANCY_SLEEP) [Y/n/?] (NEW) y
sort (8.1 kb) (SORT) [Y/n/?] (NEW) y
  Full SuSv3 compliant sort (support -ktcbdfioghM) (FEATURE_SORT_BIG) [Y/n/?] (NEW) y
  Use less memory (but might be slower) (FEATURE_SORT_OPTIMIZE_MEMORY) [N/y/?] (NEW) n
split (5.2 kb) (SPLIT) [Y/n/?] (NEW) y
  Fancy extensions (FEATURE_SPLIT_FANCY) [Y/n/?] (NEW) y
stat (11 kb) (STAT) [Y/n/?] (NEW) y
  Enable custom formats (-c) (FEATURE_STAT_FORMAT) [Y/n/?] (NEW) y
  Enable display of filesystem status (-f) (FEATURE_STAT_FILESYSTEM) [Y/n/?] (NEW) y
stty (9.2 kb) (STTY) [Y/n/?] (NEW) y
sum (4.2 kb) (SUM) [Y/n/?] (NEW) y
sync (4 kb) (SYNC) [Y/n/?] (NEW) y
  Enable -d and -f flags (requires syncfs(2) in libc) (FEATURE_SYNC_FANCY) [Y/n/?] (NEW) y
fsync (3.8 kb) (FSYNC) [Y/n/?] (NEW) y
tac (4.1 kb) (TAC) [Y/n/?] (NEW) y
tail (7.2 kb) (TAIL) [Y/n/?] (NEW) y
  Enable -q, -s, -v, and -F options (FEATURE_FANCY_TAIL) [Y/n/?] (NEW) y
tee (4.4 kb) (TEE) [Y/n/?] (NEW) y
  Enable block I/O (larger/faster) instead of byte I/O (FEATURE_TEE_USE_BLOCK_IO) [Y/n/?] (NEW) y
test (4.4 kb) (TEST) [Y/n/?] (NEW) y
test as [ (TEST1) [Y/n/?] (NEW) y
test as [[ (TEST2) [Y/n/?] (NEW) y
  Extend test to 64 bit (FEATURE_TEST_64) [Y/n/?] (NEW) y
timeout (6.5 kb) (TIMEOUT) [Y/n/?] (NEW) y
touch (6.1 kb) (TOUCH) [Y/n/?] (NEW) y
  Add support for SUSV3 features (-a -d -m -t -r) (FEATURE_TOUCH_SUSV3) [Y/n/?] (NEW) y
tr (5.3 kb) (TR) [Y/n/?] (NEW) y
  Enable character classes (such as [:upper:]) (FEATURE_TR_CLASSES) [Y/n/?] (NEW) y
  Enable equivalence classes (FEATURE_TR_EQUIV) [Y/n/?] (NEW) y
true (311 bytes) (TRUE) [Y/n/?] (NEW) y
truncate (4.4 kb) (TRUNCATE) [Y/n/?] (NEW) y
tsort (2.6 kb) (TSORT) [Y/n/?] (NEW) y
tty (3.9 kb) (TTY) [Y/n/?] (NEW) y
uname (4.2 kb) (UNAME) [Y/n/?] (NEW) y
  Operating system name (UNAME_OSNAME) [GNU/Linux] (NEW) GNU/Linux
arch (1.4 kb) (BB_ARCH) [Y/n/?] (NEW) y
uniq (5.1 kb) (UNIQ) [Y/n/?] (NEW) y
unlink (3.5 kb) (UNLINK) [Y/n/?] (NEW) y
usleep (1.6 kb) (USLEEP) [Y/n/?] (NEW) y
uudecode (5.9 kb) (UUDECODE) [Y/n/?] (NEW) y
base32 (5.5 kb) (BASE32) [Y/n/?] (NEW) y
base64 (5.3 kb) (BASE64) [Y/n/?] (NEW) y
uuencode (4.7 kb) (UUENCODE) [Y/n/?] (NEW) y
wc (4.7 kb) (WC) [Y/n/?] (NEW) y
  Support very large counts (FEATURE_WC_LARGE) [Y/n/?] (NEW) y
who (5.6 kb) (WHO) [Y/n/?] (NEW) y
w (5.5 kb) (W) [Y/n/?] (NEW) y
users (3.6 kb) (USERS) [Y/n/?] (NEW) y
whoami (3.5 kb) (WHOAMI) [Y/n/?] (NEW) y
yes (1.5 kb) (YES) [Y/n/?] (NEW) y
*
* Console Utilities
*
chvt (2.2 kb) (CHVT) [Y/n/?] (NEW) y
clear (371 bytes) (CLEAR) [Y/n/?] (NEW) y
deallocvt (2.2 kb) (DEALLOCVT) [Y/n/?] (NEW) y
dumpkmap (1.9 kb) (DUMPKMAP) [Y/n/?] (NEW) y
fgconsole (1.8 kb) (FGCONSOLE) [Y/n/?] (NEW) y
kbd_mode (4.3 kb) (KBD_MODE) [Y/n/?] (NEW) y
loadfont (5.4 kb) (LOADFONT) [Y/n/?] (NEW) y
setfont (24 kb) (SETFONT) [Y/n/?] (NEW) y
  Support reading textual screen maps (FEATURE_SETFONT_TEXTUAL_MAP) [Y/n/?] (NEW) y
  Default directory for console-tools files (DEFAULT_SETFONT_DIR) [] (NEW) 
  *
  * Common options for loadfont and setfont
  *
  Support PSF2 console fonts (FEATURE_LOADFONT_PSF2) [Y/n] (NEW) y
  Support old (raw) console fonts (FEATURE_LOADFONT_RAW) [Y/n] (NEW) y
loadkmap (2.1 kb) (LOADKMAP) [Y/n/?] (NEW) y
openvt (7.4 kb) (OPENVT) [Y/n/?] (NEW) y
reset (676 bytes) (RESET) [Y/n/?] (NEW) y
resize (1.2 kb) (RESIZE) [Y/n/?] (NEW) y
  Print environment variables (FEATURE_RESIZE_PRINT) [Y/n/?] (NEW) y
setconsole (3.8 kb) (SETCONSOLE) [Y/n/?] (NEW) y
  Enable long options (FEATURE_SETCONSOLE_LONG_OPTIONS) [Y/n] (NEW) y
setkeycodes (2.4 kb) (SETKEYCODES) [Y/n/?] (NEW) y
setlogcons (2 kb) (SETLOGCONS) [Y/n/?] (NEW) y
showkey (4.9 kb) (SHOWKEY) [Y/n/?] (NEW) y
*
* Debian Utilities
*
pipe_progress (576 bytes) (PIPE_PROGRESS) [Y/n/?] (NEW) y
run-parts (6.2 kb) (RUN_PARTS) [Y/n/?] (NEW) y
  Enable long options (FEATURE_RUN_PARTS_LONG_OPTIONS) [Y/n] (NEW) y
  Support additional arguments (FEATURE_RUN_PARTS_FANCY) [Y/n/?] (NEW) y
start-stop-daemon (12 kb) (START_STOP_DAEMON) [Y/n/?] (NEW) y
  Enable long options (FEATURE_START_STOP_DAEMON_LONG_OPTIONS) [Y/n] (NEW) y
  Support additional arguments (FEATURE_START_STOP_DAEMON_FANCY) [Y/n/?] (NEW) y
which (4 kb) (WHICH) [Y/n/?] (NEW) y
*
* klibc-utils
*
minips (11 kb) (MINIPS) [N/y/?] (NEW) n
nuke (2.9 kb) (NUKE) [N/y/?] (NEW) n
resume (3.6 kb) (RESUME) [Y/n/?] (NEW) y
run-init (8 kb) (RUN_INIT) [Y/n/?] (NEW) y
*
* Editors
*
awk (24 kb) (AWK) [Y/n/?] (NEW) y
  Enable math functions (requires libm) (FEATURE_AWK_LIBM) [Y/n/?] (NEW) y
  Enable a few GNU extensions (FEATURE_AWK_GNU_EXTENSIONS) [Y/n/?] (NEW) y
cmp (5.3 kb) (CMP) [Y/n/?] (NEW) y
diff (13 kb) (DIFF) [Y/n/?] (NEW) y
  Enable long options (FEATURE_DIFF_LONG_OPTIONS) [Y/n] (NEW) y
  Enable directory support (FEATURE_DIFF_DIR) [Y/n/?] (NEW) y
ed (16 kb) (ED) [Y/n/?] (NEW) y
patch (9.6 kb) (PATCH) [Y/n/?] (NEW) y
sed (12 kb) (SED) [Y/n/?] (NEW) y
vi (26 kb) (VI) [Y/n/?] (NEW) y
  Maximum screen width (FEATURE_VI_MAX_LEN) [4096] (NEW) 4096
  Allow to display 8-bit chars (otherwise shows dots) (FEATURE_VI_8BIT) [N/y/?] (NEW) n
  Enable ":" colon commands (no "ex" mode) (FEATURE_VI_COLON) [Y/n/?] (NEW) y
    Expand "%" and "#" in colon commands (FEATURE_VI_COLON_EXPAND) [Y/n/?] (NEW) y
  Enable yank/put commands and mark cmds (FEATURE_VI_YANKMARK) [Y/n/?] (NEW) y
  Enable search and replace cmds (FEATURE_VI_SEARCH) [Y/n/?] (NEW) y
    Enable regex in search and replace (FEATURE_VI_REGEX_SEARCH) [N/y/?] (NEW) n
  Catch signals (FEATURE_VI_USE_SIGNALS) [Y/n/?] (NEW) y
  Remember previous cmd and "." cmd (FEATURE_VI_DOT_CMD) [Y/n/?] (NEW) y
  Enable -R option and "view" mode (FEATURE_VI_READONLY) [Y/n/?] (NEW) y
  Enable settable options, ai ic showmatch (FEATURE_VI_SETOPTS) [Y/n/?] (NEW) y
  Support :set (FEATURE_VI_SET) [Y/n] (NEW) y
  Handle window resize (FEATURE_VI_WIN_RESIZE) [Y/n/?] (NEW) y
  Use 'tell me cursor position' ESC sequence to measure window (FEATURE_VI_ASK_TERMINAL) [Y/n/?] (NEW) y
  Support undo command "u" (FEATURE_VI_UNDO) [Y/n/?] (NEW) y
    Enable undo operation queuing (FEATURE_VI_UNDO_QUEUE) [Y/n/?] (NEW) y
      Maximum undo character queue size (FEATURE_VI_UNDO_QUEUE_MAX) [256] (NEW) 256
  Enable verbose status reporting (FEATURE_VI_VERBOSE_STATUS) [Y/n/?] (NEW) y
  Allow vi and awk to execute shell commands (FEATURE_ALLOW_EXEC) [Y/n/?] (NEW) y
*
* Finding Utilities
*
find (16 kb) (FIND) [Y/n/?] (NEW) y
  Enable -print0: NUL-terminated output (FEATURE_FIND_PRINT0) [Y/n/?] (NEW) y
  Enable -mtime: modification time matching (FEATURE_FIND_MTIME) [Y/n/?] (NEW) y
    Enable -atime: access time matching (FEATURE_FIND_ATIME) [Y/n/?] (NEW) y
    Enable -ctime: status change timestamp matching (FEATURE_FIND_CTIME) [Y/n/?] (NEW) y
  Enable -mmin: modification time matching by minutes (FEATURE_FIND_MMIN) [Y/n/?] (NEW) y
    Enable -amin: access time matching by minutes (FEATURE_FIND_AMIN) [Y/n/?] (NEW) y
    Enable -cmin: status change timestamp matching by minutes (FEATURE_FIND_CMIN) [Y/n/?] (NEW) y
  Enable -perm: permissions matching (FEATURE_FIND_PERM) [Y/n] (NEW) y
  Enable -type: file type matching (file/dir/link/...) (FEATURE_FIND_TYPE) [Y/n/?] (NEW) y
  Enable -executable: file is executable (FEATURE_FIND_EXECUTABLE) [Y/n] (NEW) y
  Enable -xdev: 'stay in filesystem' (FEATURE_FIND_XDEV) [Y/n] (NEW) y
  Enable -mindepth N and -maxdepth N (FEATURE_FIND_MAXDEPTH) [Y/n] (NEW) y
  Enable -newer: compare file modification times (FEATURE_FIND_NEWER) [Y/n/?] (NEW) y
  Enable -inum: inode number matching (FEATURE_FIND_INUM) [Y/n] (NEW) y
  Enable -samefile: reference file matching (FEATURE_FIND_SAMEFILE) [Y/n/?] (NEW) y
  Enable -exec: execute commands (FEATURE_FIND_EXEC) [Y/n/?] (NEW) y
    Enable -exec ... {} + (FEATURE_FIND_EXEC_PLUS) [Y/n/?] (NEW) y
    Enable -ok: execute confirmed commands (FEATURE_FIND_EXEC_OK) [Y/n/?] (NEW) y
  Enable -user: username/uid matching (FEATURE_FIND_USER) [Y/n] (NEW) y
  Enable -group: group/gid matching (FEATURE_FIND_GROUP) [Y/n] (NEW) y
  Enable the 'not' (!) operator (FEATURE_FIND_NOT) [Y/n/?] (NEW) y
  Enable -depth (FEATURE_FIND_DEPTH) [Y/n/?] (NEW) y
  Enable parens in options (FEATURE_FIND_PAREN) [Y/n/?] (NEW) y
  Enable -size: file size matching (FEATURE_FIND_SIZE) [Y/n] (NEW) y
  Enable -prune: exclude subdirectories (FEATURE_FIND_PRUNE) [Y/n/?] (NEW) y
  Enable -quit: exit (FEATURE_FIND_QUIT) [Y/n/?] (NEW) y
  Enable -delete: delete files/dirs (FEATURE_FIND_DELETE) [Y/n/?] (NEW) y
  Enable -empty: match empty files or directories (FEATURE_FIND_EMPTY) [Y/n/?] (NEW) y
  Enable -path: match pathname with shell pattern (FEATURE_FIND_PATH) [Y/n/?] (NEW) y
  Enable -regex: match pathname with regex (FEATURE_FIND_REGEX) [Y/n/?] (NEW) y
  Enable -links: link count matching (FEATURE_FIND_LINKS) [Y/n/?] (NEW) y
grep (8.9 kb) (GREP) [Y/n/?] (NEW) y
egrep (8 kb) (EGREP) [Y/n/?] (NEW) y
fgrep (8 kb) (FGREP) [Y/n/?] (NEW) y
  Enable before and after context flags (-A, -B and -C) (FEATURE_GREP_CONTEXT) [Y/n/?] (NEW) y
xargs (7.6 kb) (XARGS) [Y/n/?] (NEW) y
  Enable -p: prompt and confirmation (FEATURE_XARGS_SUPPORT_CONFIRMATION) [Y/n/?] (NEW) y
  Enable single and double quotes and backslash (FEATURE_XARGS_SUPPORT_QUOTES) [Y/n/?] (NEW) y
  Enable -x: exit if -s or -n is exceeded (FEATURE_XARGS_SUPPORT_TERMOPT) [Y/n/?] (NEW) y
  Enable -0: NUL-terminated input (FEATURE_XARGS_SUPPORT_ZERO_TERM) [Y/n/?] (NEW) y
  Enable -I STR: string to replace (FEATURE_XARGS_SUPPORT_REPL_STR) [Y/n/?] (NEW) y
  Enable -P N: processes to run in parallel (FEATURE_XARGS_SUPPORT_PARALLEL) [Y/n] (NEW) y
  Enable -a FILE: use FILE instead of stdin (FEATURE_XARGS_SUPPORT_ARGS_FILE) [Y/n] (NEW) y
*
* Init Utilities
*
bootchartd (10 kb) (BOOTCHARTD) [Y/n/?] (NEW) y
  Compatible, bloated header (FEATURE_BOOTCHARTD_BLOATED_HEADER) [Y/n/?] (NEW) y
  Support bootchartd.conf (FEATURE_BOOTCHARTD_CONFIG_FILE) [Y/n/?] (NEW) y
halt (4.3 kb) (HALT) [Y/n/?] (NEW) y
poweroff (4.3 kb) (POWEROFF) [Y/n/?] (NEW) y
reboot (4.3 kb) (REBOOT) [Y/n/?] (NEW) y
  Before signaling init, make sure it is ready for it (FEATURE_WAIT_FOR_INIT) [Y/n/?] (NEW) y
init (10 kb) (INIT) [Y/n/?] (NEW) y
linuxrc: support running init from initrd (not initramfs) (LINUXRC) [Y/n/?] (NEW) y
  Support reading an inittab file (FEATURE_USE_INITTAB) [Y/n/?] (NEW) y
    Support killing processes that have been removed from inittab (FEATURE_KILL_REMOVED) [N/y/?] (NEW) n
  Run commands with leading dash with controlling tty (FEATURE_INIT_SCTTY) [Y/n/?] (NEW) y
  Enable init to write to syslog (FEATURE_INIT_SYSLOG) [Y/n/?] (NEW) y
  Be quiet on boot (no 'init started:' message) (FEATURE_INIT_QUIET) [Y/n] (NEW) y
  Support dumping core for child processes (debugging only) (FEATURE_INIT_COREDUMPS) [N/y/?] (NEW) n
  Initial terminal type (INIT_TERMINAL_TYPE) [linux] (NEW) linux
  Clear init's command line (FEATURE_INIT_MODIFY_CMDLINE) [Y/n/?] (NEW) y
*
* Login/Password Management Utilities
*
Support shadow passwords (FEATURE_SHADOWPASSWDS) [Y/n/?] (NEW) y
Use internal password and group functions rather than system functions (USE_BB_PWD_GRP) [Y/n/?] (NEW) y
  Use internal shadow password functions (USE_BB_SHADOW) [Y/n/?] (NEW) y
Use internal crypt functions (USE_BB_CRYPT) [Y/n/?] (NEW) y
  Enable SHA256/512 crypt functions (USE_BB_CRYPT_SHA) [Y/n/?] (NEW) y
  Enable yescrypt functions (USE_BB_CRYPT_YES) [Y/n/?] (NEW) y
add-shell (3.3 kb) (ADD_SHELL) [Y/n/?] (NEW) y
remove-shell (3.3 kb) (REMOVE_SHELL) [Y/n/?] (NEW) y
addgroup (8.8 kb) (ADDGROUP) [Y/n/?] (NEW) y
  Support adding users to groups (FEATURE_ADDUSER_TO_GROUP) [Y/n/?] (NEW) y
adduser (15 kb) (ADDUSER) [Y/n/?] (NEW) y
  Enable sanity check on user/group names in adduser and addgroup (FEATURE_CHECK_NAMES) [N/y/?] (NEW) n
  Last valid uid or gid for adduser and addgroup (LAST_ID) [60000] (NEW) 60000
  First valid system uid or gid for adduser and addgroup (FIRST_SYSTEM_ID) [100] (NEW) 100
  Last valid system uid or gid for adduser and addgroup (LAST_SYSTEM_ID) [999] (NEW) 999
chpasswd (19 kb) (CHPASSWD) [Y/n/?] (NEW) y
  Default encryption method (passwd -a, cryptpw -m, chpasswd -c ALG) (FEATURE_DEFAULT_PASSWD_ALGO) [des] (NEW) des
cryptpw (15 kb) (CRYPTPW) [Y/n/?] (NEW) y
mkpasswd (16 kb) (MKPASSWD) [Y/n/?] (NEW) y
deluser (9.3 kb) (DELUSER) [Y/n/?] (NEW) y
delgroup (6.6 kb) (DELGROUP) [Y/n/?] (NEW) y
  Support removing users from groups (FEATURE_DEL_USER_FROM_GROUP) [Y/n/?] (NEW) y
getty (11 kb) (GETTY) [Y/n/?] (NEW) y
login (25 kb) (LOGIN) [Y/n/?] (NEW) y
  Run logged in session in a child process (LOGIN_SESSION_AS_CHILD) [N/y/?] (NEW) n
  Support login scripts (LOGIN_SCRIPTS) [Y/n/?] (NEW) y
  Support /etc/nologin (FEATURE_NOLOGIN) [Y/n/?] (NEW) y
  Support /etc/securetty (FEATURE_SECURETTY) [Y/n/?] (NEW) y
passwd (22 kb) (PASSWD) [Y/n/?] (NEW) y
  Check new passwords for weakness (FEATURE_PASSWD_WEAK_CHECK) [Y/n/?] (NEW) y
su (19 kb) (SU) [Y/n/?] (NEW) y
  Log to syslog all attempts to use su (FEATURE_SU_SYSLOG) [Y/n] (NEW) y
  If user's shell is not in /etc/shells, disallow -s PROG (FEATURE_SU_CHECKS_SHELLS) [Y/n] (NEW) y
  Allow blank passwords only on TTYs in /etc/securetty (FEATURE_SU_BLANK_PW_NEEDS_SECURE_TTY) [N/y] (NEW) n
sulogin (18 kb) (SULOGIN) [Y/n/?] (NEW) y
vlock (18 kb) (VLOCK) [Y/n/?] (NEW) y
*
* Linux Ext2 FS Progs
*
chattr (4.1 kb) (CHATTR) [Y/n/?] (NEW) y
fsck (7.6 kb) (FSCK) [Y/n/?] (NEW) y
lsattr (5.7 kb) (LSATTR) [Y/n/?] (NEW) y
tune2fs (4.4 kb) (TUNE2FS) [N/y/?] (NEW) n
*
* Linux Module Utilities
*
Simplified modutils (MODPROBE_SMALL) [Y/n/?] (NEW) y
depmod (27 kb) (DEPMOD) [Y/n/?] (NEW) y
insmod (22 kb) (INSMOD) [Y/n/?] (NEW) y
lsmod (2.1 kb) (LSMOD) [Y/n/?] (NEW) y
modinfo (24 kb) (MODINFO) [Y/n/?] (NEW) y
modprobe (27 kb) (MODPROBE) [Y/n/?] (NEW) y
rmmod (3.5 kb) (RMMOD) [Y/n/?] (NEW) y
*
* Options common to multiple modutils
*
Accept module options on modprobe command line (FEATURE_CMDLINE_MODULE_OPTIONS) [Y/n/?] (NEW) y
Skip loading of already loaded modules (FEATURE_MODPROBE_SMALL_CHECK_ALREADY_LOADED) [Y/n/?] (NEW) y
Default directory containing modules (DEFAULT_MODULES_DIR) [/lib/modules] (NEW) /lib/modules
Default name of modules.dep (DEFAULT_DEPMOD_FILE) [modules.dep] (NEW) modules.dep
*
* Linux System Utilities
*
acpid (9.3 kb) (ACPID) [Y/n/?] (NEW) y
  Accept and ignore redundant options (FEATURE_ACPID_COMPAT) [Y/n/?] (NEW) y
blkdiscard (4.6 kb) (BLKDISCARD) [Y/n/?] (NEW) y
blkid (12 kb) (BLKID) [Y/n/?] (NEW) y
  Print filesystem type (FEATURE_BLKID_TYPE) [Y/n/?] (NEW) y
blockdev (2.6 kb) (BLOCKDEV) [Y/n/?] (NEW) y
cal (6.1 kb) (CAL) [Y/n/?] (NEW) y
chrt (5.1 kb) (CHRT) [Y/n/?] (NEW) y
dmesg (3.9 kb) (DMESG) [Y/n/?] (NEW) y
  Pretty output (FEATURE_DMESG_PRETTY) [Y/n/?] (NEW) y
eject (4.3 kb) (EJECT) [Y/n/?] (NEW) y
  SCSI support (FEATURE_EJECT_SCSI) [Y/n/?] (NEW) y
fallocate (4.3 kb) (FALLOCATE) [Y/n/?] (NEW) y
fatattr (2.2 kb) (FATATTR) [Y/n/?] (NEW) y
fbset (6.2 kb) (FBSET) [Y/n/?] (NEW) y
  Enable extra options (FEATURE_FBSET_FANCY) [Y/n/?] (NEW) y
  Enable readmode support (FEATURE_FBSET_READMODE) [Y/n/?] (NEW) y
fdformat (4.7 kb) (FDFORMAT) [Y/n/?] (NEW) y
fdisk (31 kb) (FDISK) [Y/n/?] (NEW) y
  Support -s option to list sizes (FEATURE_FDISK_BLKSIZE) [Y/n] (NEW) y
  Write support (FEATURE_FDISK_WRITABLE) [Y/n/?] (NEW) y
    Support AIX disklabels (FEATURE_AIX_LABEL) [N/y/?] (NEW) n
    Support SGI disklabels (FEATURE_SGI_LABEL) [N/y/?] (NEW) n
    Support SUN disklabels (FEATURE_SUN_LABEL) [N/y/?] (NEW) n
    Support BSD disklabels (FEATURE_OSF_LABEL) [N/y/?] (NEW) n
    Support GPT disklabels (FEATURE_GPT_LABEL) [N/y/?] (NEW) n
    Support expert mode (FEATURE_FDISK_ADVANCED) [Y/n/?] (NEW) y
findfs (11 kb) (FINDFS) [Y/n/?] (NEW) y
flock (6.5 kb) (FLOCK) [Y/n/?] (NEW) y
fdflush (1.6 kb) (FDFLUSH) [Y/n/?] (NEW) y
freeramdisk (1.6 kb) (FREERAMDISK) [Y/n/?] (NEW) y
fsck.minix (13 kb) (FSCK_MINIX) [Y/n/?] (NEW) y
fsfreeze (3.7 kb) (FSFREEZE) [Y/n/?] (NEW) y
fstrim (4.6 kb) (FSTRIM) [Y/n/?] (NEW) y
getopt (6 kb) (GETOPT) [Y/n/?] (NEW) y
  Support -l LONGOPTs (FEATURE_GETOPT_LONG) [Y/n/?] (NEW) y
hexdump (8.7 kb) (HEXDUMP) [Y/n/?] (NEW) y
hd (8.3 kb) (HD) [Y/n/?] (NEW) y
xxd (11 kb) (XXD) [Y/n/?] (NEW) y
hwclock (5.9 kb) (HWCLOCK) [Y/n/?] (NEW) y
  Use FHS /var/lib/hwclock/adjtime (FEATURE_HWCLOCK_ADJTIME_FHS) [N/y/?] (NEW) n
ionice (4 kb) (IONICE) [Y/n/?] (NEW) y
ipcrm (3.5 kb) (IPCRM) [Y/n/?] (NEW) y
ipcs (12 kb) (IPCS) [Y/n/?] (NEW) y
last (7.4 kb) (LAST) [Y/n/?] (NEW) y
  Output extra information (FEATURE_LAST_FANCY) [Y/n/?] (NEW) y
losetup (6.2 kb) (LOSETUP) [Y/n/?] (NEW) y
lsblk (2.5 kb) (LSBLK) [Y/n/?] (NEW) y
lspci (6.4 kb) (LSPCI) [Y/n/?] (NEW) y
lsusb (4.4 kb) (LSUSB) [Y/n/?] (NEW) y
mdev (20 kb) (MDEV) [Y/n/?] (NEW) y
  Support /etc/mdev.conf (FEATURE_MDEV_CONF) [Y/n/?] (NEW) y
    Support subdirs/symlinks (FEATURE_MDEV_RENAME) [Y/n/?] (NEW) y
      Support regular expressions substitutions when renaming device (FEATURE_MDEV_RENAME_REGEXP) [Y/n/?] (NEW) y
    Support command execution at device addition/removal (FEATURE_MDEV_EXEC) [Y/n/?] (NEW) y
  Support loading of firmware (FEATURE_MDEV_LOAD_FIRMWARE) [Y/n/?] (NEW) y
  Support daemon mode (FEATURE_MDEV_DAEMON) [Y/n/?] (NEW) y
mesg (1.8 kb) (MESG) [Y/n/?] (NEW) y
  Enable writing to tty only by group, not by everybody (FEATURE_MESG_ENABLE_ONLY_GROUP) [Y/n/?] (NEW) y
mke2fs (10 kb) (MKE2FS) [Y/n/?] (NEW) y
mkfs.ext2 (10 kb) (MKFS_EXT2) [Y/n/?] (NEW) y
mkfs.minix (10 kb) (MKFS_MINIX) [Y/n/?] (NEW) y
  Support Minix fs v2 (fsck_minix/mkfs_minix) (FEATURE_MINIX2) [Y/n/?] (NEW) y
mkfs_reiser (MKFS_REISER) [N/y/?] (NEW) n
mkdosfs (7.6 kb) (MKDOSFS) [Y/n/?] (NEW) y
mkfs.vfat (7.6 kb) (MKFS_VFAT) [Y/n/?] (NEW) y
mkswap (6.6 kb) (MKSWAP) [Y/n/?] (NEW) y
  UUID support (FEATURE_MKSWAP_UUID) [Y/n/?] (NEW) y
more (7.2 kb) (MORE) [Y/n/?] (NEW) y
mount (24 kb) (MOUNT) [Y/n/?] (NEW) y
  Support -f (fake mount) (FEATURE_MOUNT_FAKE) [Y/n/?] (NEW) y
  Support -v (verbose) (FEATURE_MOUNT_VERBOSE) [Y/n/?] (NEW) y
  Support mount helpers (FEATURE_MOUNT_HELPERS) [N/y/?] (NEW) n
  Support specifying devices by label or UUID (FEATURE_MOUNT_LABEL) [Y/n/?] (NEW) y
  Support mounting NFS file systems on Linux < 2.6.23 (FEATURE_MOUNT_NFS) [N/y/?] (NEW) n
  Support mounting CIFS/SMB file systems (FEATURE_MOUNT_CIFS) [Y/n/?] (NEW) y
  Support lots of -o flags (FEATURE_MOUNT_FLAGS) [Y/n/?] (NEW) y
  Support /etc/fstab and -a (mount all) (FEATURE_MOUNT_FSTAB) [Y/n/?] (NEW) y
    Support -T <alt_fstab> (FEATURE_MOUNT_OTHERTAB) [Y/n/?] (NEW) y
mountpoint (5.1 kb) (MOUNTPOINT) [Y/n/?] (NEW) y
nologin (NOLOGIN) [Y/n/?] (NEW) y
  Enable dependencies for nologin (NOLOGIN_DEPENDENCIES) [N/y/?] (NEW) n
nsenter (6.8 kb) (NSENTER) [Y/n/?] (NEW) y
pivot_root (1.4 kb) (PIVOT_ROOT) [Y/n/?] (NEW) y
rdate (5.9 kb) (RDATE) [Y/n/?] (NEW) y
rdev (2.1 kb) (RDEV) [Y/n/?] (NEW) y
readprofile (7.5 kb) (READPROFILE) [Y/n/?] (NEW) y
renice (4.4 kb) (RENICE) [Y/n/?] (NEW) y
rev (4.6 kb) (REV) [Y/n/?] (NEW) y
rtcwake (7.5 kb) (RTCWAKE) [Y/n/?] (NEW) y
script (8.8 kb) (SCRIPT) [Y/n/?] (NEW) y
scriptreplay (2.6 kb) (SCRIPTREPLAY) [Y/n/?] (NEW) y
setarch (3.8 kb) (SETARCH) [Y/n/?] (NEW) y
linux32 (3.6 kb) (LINUX32) [Y/n/?] (NEW) y
linux64 (3.5 kb) (LINUX64) [Y/n/?] (NEW) y
setpriv (6.9 kb) (SETPRIV) [Y/n/?] (NEW) y
  Support dumping current privilege state (FEATURE_SETPRIV_DUMP) [Y/n/?] (NEW) y
  Support capabilities (FEATURE_SETPRIV_CAPABILITIES) [Y/n/?] (NEW) y
    Support capability names (FEATURE_SETPRIV_CAPABILITY_NAMES) [Y/n/?] (NEW) y
setsid (3.8 kb) (SETSID) [Y/n/?] (NEW) y
swapon (15 kb) (SWAPON) [Y/n/?] (NEW) y
  Support discard option -d (FEATURE_SWAPON_DISCARD) [Y/n/?] (NEW) y
  Support priority option -p (FEATURE_SWAPON_PRI) [Y/n/?] (NEW) y
swapoff (14 kb) (SWAPOFF) [Y/n] (NEW) y
  Support specifying devices by label or UUID (FEATURE_SWAPONOFF_LABEL) [Y/n/?] (NEW) y
switch_root (5.7 kb) (SWITCH_ROOT) [Y/n/?] (NEW) y
taskset (5.6 kb) (TASKSET) [Y/n/?] (NEW) y
  Fancy output (FEATURE_TASKSET_FANCY) [Y/n/?] (NEW) y
    CPU list support (-c option) (FEATURE_TASKSET_CPULIST) [Y/n/?] (NEW) y
uevent (3.5 kb) (UEVENT) [Y/n/?] (NEW) y
umount (5.1 kb) (UMOUNT) [Y/n/?] (NEW) y
  Support -a (unmount all) (FEATURE_UMOUNT_ALL) [Y/n/?] (NEW) y
unshare (7.3 kb) (UNSHARE) [Y/n/?] (NEW) y
uuidgen (1.1 kb) (UUIDGEN) [Y/n/?] (NEW) y
wall (2.9 kb) (WALL) [Y/n/?] (NEW) y
*
* Common options for mount/umount
*
Support loopback mounts (FEATURE_MOUNT_LOOP) [Y/n/?] (NEW) y
  Create new loopback devices if needed (FEATURE_MOUNT_LOOP_CREATE) [Y/n/?] (NEW) y
Support old /etc/mtab file (FEATURE_MTAB_SUPPORT) [N/y/?] (NEW) n
*
* Filesystem/Volume identification
*
bcache filesystem (FEATURE_VOLUMEID_BCACHE) [Y/n] (NEW) y
btrfs filesystem (FEATURE_VOLUMEID_BTRFS) [Y/n] (NEW) y
cramfs filesystem (FEATURE_VOLUMEID_CRAMFS) [Y/n] (NEW) y
erofs filesystem (FEATURE_VOLUMEID_EROFS) [Y/n/?] (NEW) y
exFAT filesystem (FEATURE_VOLUMEID_EXFAT) [Y/n/?] (NEW) y
Ext filesystem (FEATURE_VOLUMEID_EXT) [Y/n] (NEW) y
f2fs filesystem (FEATURE_VOLUMEID_F2FS) [Y/n/?] (NEW) y
fat filesystem (FEATURE_VOLUMEID_FAT) [Y/n] (NEW) y
hfs filesystem (FEATURE_VOLUMEID_HFS) [Y/n] (NEW) y
iso9660 filesystem (FEATURE_VOLUMEID_ISO9660) [Y/n] (NEW) y
jfs filesystem (FEATURE_VOLUMEID_JFS) [Y/n] (NEW) y
LittleFS filesystem (FEATURE_VOLUMEID_LFS) [Y/n/?] (NEW) y
linuxraid (FEATURE_VOLUMEID_LINUXRAID) [Y/n] (NEW) y
linux swap filesystem (FEATURE_VOLUMEID_LINUXSWAP) [Y/n] (NEW) y
luks filesystem (FEATURE_VOLUMEID_LUKS) [Y/n] (NEW) y
minix filesystem (FEATURE_VOLUMEID_MINIX) [Y/n] (NEW) y
nilfs filesystem (FEATURE_VOLUMEID_NILFS) [Y/n/?] (NEW) y
ntfs filesystem (FEATURE_VOLUMEID_NTFS) [Y/n] (NEW) y
ocfs2 filesystem (FEATURE_VOLUMEID_OCFS2) [Y/n] (NEW) y
Reiser filesystem (FEATURE_VOLUMEID_REISERFS) [Y/n] (NEW) y
romfs filesystem (FEATURE_VOLUMEID_ROMFS) [Y/n] (NEW) y
SquashFS filesystem (FEATURE_VOLUMEID_SQUASHFS) [Y/n/?] (NEW) y
sysv filesystem (FEATURE_VOLUMEID_SYSV) [Y/n] (NEW) y
UBIFS filesystem (FEATURE_VOLUMEID_UBIFS) [Y/n/?] (NEW) y
udf filesystem (FEATURE_VOLUMEID_UDF) [Y/n] (NEW) y
xfs filesystem (FEATURE_VOLUMEID_XFS) [Y/n] (NEW) y
*
* Miscellaneous Utilities
*
adjtimex (4.9 kb) (ADJTIMEX) [Y/n/?] (NEW) y
ascii (784 bytes) (ASCII) [Y/n/?] (NEW) y
bbconfig (9.7 kb) (BBCONFIG) [N/y/?] (NEW) n
bc (38 kb) (BC) [Y/n/?] (NEW) y
dc (29 kb) (DC) [Y/n/?] (NEW) y
  Use bc code base for dc (larger, more features) (FEATURE_DC_BIG) [Y] (NEW) y
    Interactive mode (+4kb) (FEATURE_BC_INTERACTIVE) [Y/n/?] (NEW) y
    Enable bc/dc long options (FEATURE_BC_LONG_OPTIONS) [Y/n] (NEW) y
beep (2.7 kb) (BEEP) [Y/n/?] (NEW) y
  default frequency (FEATURE_BEEP_FREQ) [4000] (NEW) 4000
  default length (FEATURE_BEEP_LENGTH_MS) [30] (NEW) 30
chat (6.7 kb) (CHAT) [Y/n/?] (NEW) y
  Enable NOFAIL expect strings (FEATURE_CHAT_NOFAIL) [Y/n/?] (NEW) y
  Force STDIN to be a TTY (FEATURE_CHAT_TTY_HIFI) [N/y/?] (NEW) n
  Enable implicit Carriage Return (FEATURE_CHAT_IMPLICIT_CR) [Y/n/?] (NEW) y
  Swallow options (FEATURE_CHAT_SWALLOW_OPTS) [Y/n/?] (NEW) y
  Support weird SEND escapes (FEATURE_CHAT_SEND_ESCAPES) [Y/n/?] (NEW) y
  Support variable-length ABORT conditions (FEATURE_CHAT_VAR_ABORT_LEN) [Y/n/?] (NEW) y
  Support revoking of ABORT conditions (FEATURE_CHAT_CLR_ABORT) [Y/n/?] (NEW) y
conspy (10 kb) (CONSPY) [Y/n/?] (NEW) y
crond (15 kb) (CROND) [Y/n/?] (NEW) y
  Support -d (redirect output to stderr) (FEATURE_CROND_D) [Y/n/?] (NEW) y
  Report command output via email (using sendmail) (FEATURE_CROND_CALL_SENDMAIL) [Y/n/?] (NEW) y
  Support special times (@reboot, @daily, etc) in crontabs (FEATURE_CROND_SPECIAL_TIMES) [Y/n/?] (NEW) y
  crond spool directory (FEATURE_CROND_DIR) [/var/spool/cron] (NEW) /var/spool/cron
crontab (10 kb) (CRONTAB) [Y/n/?] (NEW) y
devfsd (obsolete) (DEVFSD) [N/y/?] (NEW) n
Use devfs names for all devices (obsolete) (FEATURE_DEVFS) [N/y/?] (NEW) n
devmem (2.7 kb) (DEVMEM) [Y/n/?] (NEW) y
fbsplash (26 kb) (FBSPLASH) [Y/n/?] (NEW) y
flash_eraseall (5.9 kb) (FLASH_ERASEALL) [N/y/?] (NEW) n
flash_lock (2.1 kb) (FLASH_LOCK) [N/y/?] (NEW) n
flash_unlock (1.3 kb) (FLASH_UNLOCK) [N/y/?] (NEW) n
flashcp (5.3 kb) (FLASHCP) [N/y/?] (NEW) n
getfattr (12.3 kb) (GETFATTR) [Y/n/?] (NEW) y
hdparm (25 kb) (HDPARM) [Y/n/?] (NEW) y
  Support obtaining detailed information directly from drives (FEATURE_HDPARM_GET_IDENTITY) [Y/n/?] (NEW) y
  Register an IDE interface (DANGEROUS) (FEATURE_HDPARM_HDIO_SCAN_HWIF) [Y/n/?] (NEW) y
  Un-register an IDE interface (DANGEROUS) (FEATURE_HDPARM_HDIO_UNREGISTER_HWIF) [Y/n/?] (NEW) y
  Perform device reset (DANGEROUS) (FEATURE_HDPARM_HDIO_DRIVE_RESET) [Y/n/?] (NEW) y
  Tristate device for hotswap (DANGEROUS) (FEATURE_HDPARM_HDIO_TRISTATE_HWIF) [Y/n/?] (NEW) y
  Get/set using_dma flag (FEATURE_HDPARM_HDIO_GETSET_DMA) [Y/n/?] (NEW) y
hexedit (15 kb) (HEXEDIT) [Y/n/?] (NEW) y
i2cget (5.7 kb) (I2CGET) [Y/n/?] (NEW) y
i2cset (6.9 kb) (I2CSET) [Y/n/?] (NEW) y
i2cdump (7.2 kb) (I2CDUMP) [Y/n/?] (NEW) y
i2cdetect (7.3 kb) (I2CDETECT) [Y/n/?] (NEW) y
i2ctransfer (5.5 kb) (I2CTRANSFER) [Y/n/?] (NEW) y
inotifyd (3.6 kb) (INOTIFYD) [N/y/?] (NEW) n
less (16 kb) (LESS) [Y/n/?] (NEW) y
  Max number of input lines less will try to eat (FEATURE_LESS_MAXLINES) [9999999] (NEW) 9999999
  Enable bracket searching (FEATURE_LESS_BRACKETS) [Y/n/?] (NEW) y
  Enable -m/-M (FEATURE_LESS_FLAGS) [Y/n/?] (NEW) y
  Enable -S (FEATURE_LESS_TRUNCATE) [Y/n/?] (NEW) y
  Enable marks (FEATURE_LESS_MARKS) [Y/n/?] (NEW) y
  Enable regular expressions (FEATURE_LESS_REGEXP) [Y/n/?] (NEW) y
  Enable automatic resizing on window size changes (FEATURE_LESS_WINCH) [Y/n/?] (NEW) y
    Use 'tell me cursor position' ESC sequence to measure window (FEATURE_LESS_ASK_TERMINAL) [Y/n/?] (NEW) y
  Enable flag changes ('-' command) (FEATURE_LESS_DASHCMD) [Y/n/?] (NEW) y
    Enable -N (dynamic switching of line numbers) (FEATURE_LESS_LINENUMS) [Y/n] (NEW) y
    Enable -R ('raw control characters') (FEATURE_LESS_RAW) [Y/n/?] (NEW) y
    Take options from $LESS environment variable (FEATURE_LESS_ENV) [Y/n/?] (NEW) y
lsscsi (2.9 kb) (LSSCSI) [Y/n/?] (NEW) y
makedevs (9.4 kb) (MAKEDEVS) [Y/n/?] (NEW) y
  Choose makedevs behaviour
    1. leaf (FEATURE_MAKEDEVS_LEAF) (NEW)
  > 2. table (FEATURE_MAKEDEVS_TABLE) (NEW)
  choice[1-2]: 2
man (26 kb) (MAN) [Y/n/?] (NEW) y
microcom (5.9 kb) (MICROCOM) [Y/n/?] (NEW) y
mim (0.5 kb) (MIM) [Y/n/?] (NEW) y
mt (2.7 kb) (MT) [Y/n/?] (NEW) y
nandwrite (5 kb) (NANDWRITE) [Y/n/?] (NEW) y
nanddump (5.4 kb) (NANDDUMP) [Y/n/?] (NEW) y
partprobe (3.7 kb) (PARTPROBE) [Y/n/?] (NEW) y
raidautorun (1.6 kb) (RAIDAUTORUN) [Y/n/?] (NEW) y
readahead (1.7 kb) (READAHEAD) [Y/n/?] (NEW) y
rfkill (4.4 kb) (RFKILL) [N/y/?] (NEW) n
runlevel (837 bytes) (RUNLEVEL) [Y/n/?] (NEW) y
rx (3.2 kb) (RX) [Y/n/?] (NEW) y
seedrng (9.1 kb) (SEEDRNG) [Y/n/?] (NEW) y
setfattr (3.9 kb) (SETFATTR) [Y/n/?] (NEW) y
setserial (7.1 kb) (SETSERIAL) [Y/n/?] (NEW) y
strings (4.8 kb) (STRINGS) [Y/n/?] (NEW) y
time (8.1 kb) (TIME) [Y/n/?] (NEW) y
tree (2.5 kb) (TREE) [Y/n/?] (NEW) y
ts (4.4 kb) (TS) [Y/n] (NEW) y
ttysize (718 bytes) (TTYSIZE) [Y/n/?] (NEW) y
ubiattach (4.5 kb) (UBIATTACH) [Y/n/?] (NEW) y
ubidetach (4.3 kb) (UBIDETACH) [Y/n/?] (NEW) y
ubimkvol (5.5 kb) (UBIMKVOL) [Y/n/?] (NEW) y
ubirmvol (5.1 kb) (UBIRMVOL) [Y/n/?] (NEW) y
ubirsvol (4.4 kb) (UBIRSVOL) [Y/n/?] (NEW) y
ubiupdatevol (5.6 kb) (UBIUPDATEVOL) [Y/n/?] (NEW) y
ubirename (2.7 kb) (UBIRENAME) [Y/n/?] (NEW) y
volname (1.9 kb) (VOLNAME) [Y/n/?] (NEW) y
watchdog (5.7 kb) (WATCHDOG) [Y/n/?] (NEW) y
  Open watchdog device twice, closing it gracefully in between (FEATURE_WATCHDOG_OPEN_TWICE) [N/y/?] (NEW) n
*
* Networking Utilities
*
Enable IPv6 support (FEATURE_IPV6) [Y/n/?] (NEW) y
Enable Unix domain socket support (usually not needed) (FEATURE_UNIX_LOCAL) [N/y/?] (NEW) n
Prefer IPv4 addresses from DNS queries (FEATURE_PREFER_IPV4_ADDRESS) [Y/n/?] (NEW) y
Verbose resolution errors (VERBOSE_RESOLUTION_ERRORS) [N/y/?] (NEW) n
Support /etc/networks (FEATURE_ETC_NETWORKS) [N/y/?] (NEW) n
Consult /etc/services even for well-known ports (FEATURE_ETC_SERVICES) [N/y/?] (NEW) n
Support infiniband HW (FEATURE_HWIB) [Y/n/?] (NEW) y
In TLS code, support ciphers which use deprecated SHA1 (FEATURE_TLS_SHA1) [N/y/?] (NEW) n
arp (10 kb) (ARP) [Y/n/?] (NEW) y
arping (9.1 kb) (ARPING) [Y/n/?] (NEW) y
brctl (9.9 kb) (BRCTL) [Y/n/?] (NEW) y
  Fancy options (FEATURE_BRCTL_FANCY) [Y/n/?] (NEW) y
    Support show (FEATURE_BRCTL_SHOW) [Y/n/?] (NEW) y
dnsd (10 kb) (DNSD) [Y/n/?] (NEW) y
ether-wake (5.2 kb) (ETHER_WAKE) [Y/n/?] (NEW) y
ftpd (30 kb) (FTPD) [Y/n/?] (NEW) y
  Enable -w (upload commands) (FEATURE_FTPD_WRITE) [Y/n/?] (NEW) y
  Enable workaround for RFC-violating clients (FEATURE_FTPD_ACCEPT_BROKEN_LIST) [Y/n/?] (NEW) y
  Enable authentication (FEATURE_FTPD_AUTHENTICATION) [Y/n/?] (NEW) y
ftpget (7.9 kb) (FTPGET) [Y/n/?] (NEW) y
ftpput (7.6 kb) (FTPPUT) [Y/n/?] (NEW) y
  Enable long options in ftpget/ftpput (FEATURE_FTPGETPUT_LONG_OPTIONS) [Y/n] (NEW) y
hostname (5.8 kb) (HOSTNAME) [Y/n/?] (NEW) y
dnsdomainname (3.8 kb) (DNSDOMAINNAME) [Y/n/?] (NEW) y
httpd (32 kb) (HTTPD) [Y/n/?] (NEW) y
  Default port (FEATURE_HTTPD_PORT_DEFAULT) [80] (NEW) 80
  Support 'Ranges:' header (FEATURE_HTTPD_RANGES) [Y/n/?] (NEW) y
  Enable -u <user> option (FEATURE_HTTPD_SETUID) [Y/n/?] (NEW) y
  Enable HTTP authentication (FEATURE_HTTPD_BASIC_AUTH) [Y/n/?] (NEW) y
    Support MD5-encrypted passwords in HTTP authentication (FEATURE_HTTPD_AUTH_MD5) [Y/n/?] (NEW) y
  Support Common Gateway Interface (CGI) (FEATURE_HTTPD_CGI) [Y/n/?] (NEW) y
    Support running scripts through an interpreter (FEATURE_HTTPD_CONFIG_WITH_SCRIPT_INTERPR) [Y/n/?] (NEW) y
    Set REMOTE_PORT environment variable for CGI (FEATURE_HTTPD_SET_REMOTE_PORT_TO_ENV) [Y/n/?] (NEW) y
  Enable -e option (useful for CGIs written as shell scripts) (FEATURE_HTTPD_ENCODE_URL_STR) [Y/n/?] (NEW) y
  Support custom error pages (FEATURE_HTTPD_ERROR_PAGES) [Y/n/?] (NEW) y
  Support reverse proxy (FEATURE_HTTPD_PROXY) [Y/n/?] (NEW) y
  Support GZIP content encoding (FEATURE_HTTPD_GZIP) [Y/n/?] (NEW) y
  Support caching via ETag header (FEATURE_HTTPD_ETAG) [Y/n/?] (NEW) y
  Add Last-Modified header to response (FEATURE_HTTPD_LAST_MODIFIED) [Y/n/?] (NEW) y
  Add Date header to response (FEATURE_HTTPD_DATE) [Y/n/?] (NEW) y
  ACL IP (FEATURE_HTTPD_ACL_IP) [Y/n/?] (NEW) y
ifconfig (12 kb) (IFCONFIG) [Y/n/?] (NEW) y
  Enable status reporting output (+7k) (FEATURE_IFCONFIG_STATUS) [Y/n/?] (NEW) y
  Enable slip-specific options "keepalive" and "outfill" (FEATURE_IFCONFIG_SLIP) [Y/n/?] (NEW) y
  Enable options "mem_start", "io_addr", and "irq" (FEATURE_IFCONFIG_MEMSTART_IOADDR_IRQ) [Y/n/?] (NEW) y
  Enable option "hw" (ether only) (FEATURE_IFCONFIG_HW) [Y/n/?] (NEW) y
  Set the broadcast automatically (FEATURE_IFCONFIG_BROADCAST_PLUS) [Y/n/?] (NEW) y
ifenslave (13 kb) (IFENSLAVE) [Y/n/?] (NEW) y
ifplugd (11 kb) (IFPLUGD) [Y/n/?] (NEW) y
ifup (14 kb) (IFUP) [Y/n/?] (NEW) y
ifdown (13 kb) (IFDOWN) [Y/n/?] (NEW) y
  Absolute path to ifstate file (IFUPDOWN_IFSTATE_PATH) [/var/run/ifstate] (NEW) /var/run/ifstate
  Use ip tool (else ifconfig/route is used) (FEATURE_IFUPDOWN_IP) [Y/n/?] (NEW) y
  Support IPv4 (FEATURE_IFUPDOWN_IPV4) [Y/n/?] (NEW) y
  Support IPv6 (FEATURE_IFUPDOWN_IPV6) [Y/n/?] (NEW) y
  Enable mapping support (FEATURE_IFUPDOWN_MAPPING) [Y/n/?] (NEW) y
  Support external DHCP clients (FEATURE_IFUPDOWN_EXTERNAL_DHCP) [N/y/?] (NEW) n
inetd (18 kb) (INETD) [Y/n/?] (NEW) y
  Support echo service on port 7 (FEATURE_INETD_SUPPORT_BUILTIN_ECHO) [Y/n/?] (NEW) y
  Support discard service on port 8 (FEATURE_INETD_SUPPORT_BUILTIN_DISCARD) [Y/n/?] (NEW) y
  Support time service on port 37 (FEATURE_INETD_SUPPORT_BUILTIN_TIME) [Y/n/?] (NEW) y
  Support daytime service on port 13 (FEATURE_INETD_SUPPORT_BUILTIN_DAYTIME) [Y/n/?] (NEW) y
  Support chargen service on port 19 (FEATURE_INETD_SUPPORT_BUILTIN_CHARGEN) [Y/n/?] (NEW) y
  Support RPC services (FEATURE_INETD_RPC) [N/y/?] (NEW) n
ip (35 kb) (IP) [Y/n/?] (NEW) y
ipaddr (15 kb) (IPADDR) [Y/n/?] (NEW) y
iplink (17 kb) (IPLINK) [Y/n/?] (NEW) y
iproute (15 kb) (IPROUTE) [Y/n/?] (NEW) y
iptunnel (9.8 kb) (IPTUNNEL) [Y/n/?] (NEW) y
iprule (10 kb) (IPRULE) [Y/n/?] (NEW) y
ipneigh (8.6 kb) (IPNEIGH) [Y/n/?] (NEW) y
ip address (FEATURE_IP_ADDRESS) [Y/?] (NEW) y
ip link (FEATURE_IP_LINK) [Y/?] (NEW) y
ip link set type can (FEATURE_IP_LINK_CAN) [Y/n/?] (NEW) y
ip route (FEATURE_IP_ROUTE) [Y/?] (NEW) y
  ip route configuration directory (FEATURE_IP_ROUTE_DIR) [/etc/iproute2] (NEW) /etc/iproute2
ip tunnel (FEATURE_IP_TUNNEL) [Y/?] (NEW) y
ip rule (FEATURE_IP_RULE) [Y/?] (NEW) y
ip neighbor (FEATURE_IP_NEIGH) [Y/?] (NEW) y
Support displaying rarely used link types (FEATURE_IP_RARE_PROTOCOLS) [N/y/?] (NEW) n
ipcalc (4.6 kb) (IPCALC) [Y/n/?] (NEW) y
  Enable long options (FEATURE_IPCALC_LONG_OPTIONS) [Y/n] (NEW) y
  Fancy IPCALC, more options, adds 1 kbyte (FEATURE_IPCALC_FANCY) [Y/n/?] (NEW) y
fakeidentd (9 kb) (FAKEIDENTD) [Y/n/?] (NEW) y
nameif (6.9 kb) (NAMEIF) [Y/n/?] (NEW) y
  Extended nameif (FEATURE_NAMEIF_EXTENDED) [Y/n/?] (NEW) y
nbd-client (6.3 kb) (NBDCLIENT) [Y/n/?] (NEW) y
nc (11 kb) (NC) [Y/n/?] (NEW) y
netcat (11 kb) (NETCAT) [N/y/?] (NEW) n
  Netcat server options (-l) (NC_SERVER) [Y/n/?] (NEW) y
  Netcat extensions (-eiw and -f FILE) (NC_EXTRA) [Y/n/?] (NEW) y
  Netcat 1.10 compatibility (+2.5k) (NC_110_COMPAT) [Y/n/?] (NEW) y
netstat (10 kb) (NETSTAT) [Y/n/?] (NEW) y
  Enable wide output (FEATURE_NETSTAT_WIDE) [Y/n/?] (NEW) y
  Enable PID/Program name output (FEATURE_NETSTAT_PRG) [Y/n/?] (NEW) y
nslookup (10 kb) (NSLOOKUP) [Y/n/?] (NEW) y
  Use internal resolver code instead of libc (FEATURE_NSLOOKUP_BIG) [Y/n] (NEW) y
    Enable long options (FEATURE_NSLOOKUP_LONG_OPTIONS) [Y/n] (NEW) y
ntpd (23 kb) (NTPD) [Y/n/?] (NEW) y
  Make ntpd usable as a NTP server (FEATURE_NTPD_SERVER) [Y/n/?] (NEW) y
  Make ntpd understand /etc/ntp.conf (FEATURE_NTPD_CONF) [Y/n/?] (NEW) y
  Support md5/sha1 message authentication codes (FEATURE_NTP_AUTH) [Y/n] (NEW) y
ping (10 kb) (PING) [Y/n/?] (NEW) y
ping6 (11 kb) (PING6) [Y/n/?] (NEW) y
Enable fancy ping output (FEATURE_FANCY_PING) [Y/n/?] (NEW) y
pscan (6.2 kb) (PSCAN) [Y/n/?] (NEW) y
route (9 kb) (ROUTE) [Y/n/?] (NEW) y
slattach (6.3 kb) (SLATTACH) [Y/n/?] (NEW) y
ssl_client (28 kb) (SSL_CLIENT) [Y/n/?] (NEW) y
ssl_server (test TLS server) (SSL_SERVER) [Y/n/?] (NEW) y
tc (8.3 kb) (TC) [Y/n/?] (NEW) y
  Enable ingress (FEATURE_TC_INGRESS) [Y/n] (NEW) y
tcpsvd (14 kb) (TCPSVD) [Y/n/?] (NEW) y
udpsvd (13 kb) (UDPSVD) [Y/n/?] (NEW) y
telnet (8.8 kb) (TELNET) [Y/n/?] (NEW) y
  Pass TERM type to remote host (FEATURE_TELNET_TTYPE) [Y/n/?] (NEW) y
  Pass USER type to remote host (FEATURE_TELNET_AUTOLOGIN) [Y/n/?] (NEW) y
  Enable window size autodetection (FEATURE_TELNET_WIDTH) [Y/n] (NEW) y
telnetd (13 kb) (TELNETD) [Y/n/?] (NEW) y
  Include self-test (telnetd -@) (FEATURE_TELNETD_SELFTEST_DEBUG) [N/y/?] (NEW) n
  Support standalone telnetd (not inetd only) (FEATURE_TELNETD_STANDALONE) [Y/n/?] (NEW) y
    Default port (FEATURE_TELNETD_PORT_DEFAULT) [23] (NEW) 23
    Support -w SEC option (inetd wait mode) (FEATURE_TELNETD_INETD_WAIT) [Y/n/?] (NEW) y
tftp (11 kb) (TFTP) [Y/n/?] (NEW) y
  Enable progress bar (FEATURE_TFTP_PROGRESS_BAR) [Y/n] (NEW) y
  tftp-hpa compat (support -c get/put FILE) (FEATURE_TFTP_HPA_COMPAT) [Y/n] (NEW) y
tftpd (10 kb) (TFTPD) [Y/n/?] (NEW) y
  Enable 'tftp get' and/or tftpd upload code (FEATURE_TFTP_GET) [Y/n/?] (NEW) y
  Enable 'tftp put' and/or tftpd download code (FEATURE_TFTP_PUT) [Y/n/?] (NEW) y
  Enable 'blksize' and 'tsize' protocol options (FEATURE_TFTP_BLOCKSIZE) [Y/n/?] (NEW) y
  Enable debug (TFTP_DEBUG) [N/y/?] (NEW) n
traceroute (11 kb) (TRACEROUTE) [Y/n/?] (NEW) y
traceroute6 (12 kb) (TRACEROUTE6) [Y/n/?] (NEW) y
Enable verbose output (FEATURE_TRACEROUTE_VERBOSE) [Y/n/?] (NEW) y
Enable -I option (use ICMP instead of UDP) (FEATURE_TRACEROUTE_USE_ICMP) [Y/n] (NEW) y
tunctl (6.4 kb) (TUNCTL) [Y/n/?] (NEW) y
  Support owner:group assignment (FEATURE_TUNCTL_UG) [Y/n/?] (NEW) y
vconfig (2.6 kb) (VCONFIG) [Y/n/?] (NEW) y
wget (41 kb) (WGET) [Y/n/?] (NEW) y
  Enable long options (FEATURE_WGET_LONG_OPTIONS) [Y/n] (NEW) y
  Enable progress bar (+2k) (FEATURE_WGET_STATUSBAR) [Y/n] (NEW) y
  Enable FTP protocol (+1k) (FEATURE_WGET_FTP) [Y/n/?] (NEW) y
  Enable HTTP authentication (FEATURE_WGET_AUTHENTICATION) [Y/n/?] (NEW) y
  Enable timeout option -T SEC (FEATURE_WGET_TIMEOUT) [Y/n/?] (NEW) y
  Support HTTPS using internal TLS code (FEATURE_WGET_HTTPS) [Y/n/?] (NEW) y
  Try to connect to HTTPS using openssl (FEATURE_WGET_OPENSSL) [Y/n/?] (NEW) y
whois (6.5 kb) (WHOIS) [Y/n/?] (NEW) y
zcip (8.7 kb) (ZCIP) [Y/n/?] (NEW) y
udhcpd (21 kb) (UDHCPD) [Y/n/?] (NEW) y
  Answer to BOOTP requests as well (FEATURE_UDHCPD_BOOTP) [Y/n/?] (NEW) y
  Select IP address based on client MAC (FEATURE_UDHCPD_BASE_IP_ON_MAC) [N/y/?] (NEW) n
  Rewrite lease file at every new acknowledge (FEATURE_UDHCPD_WRITE_LEASES_EARLY) [Y/n/?] (NEW) y
  Absolute path to lease file (DHCPD_LEASES_FILE) [/var/lib/misc/udhcpd.leases] (NEW) /var/lib/misc/udhcpd.leases
dumpleases (5.3 kb) (DUMPLEASES) [Y/n/?] (NEW) y
dhcprelay (5.5 kb) (DHCPRELAY) [Y/n/?] (NEW) y
udhcpc (24 kb) (UDHCPC) [Y/n/?] (NEW) y
  Verify that the offered address is free, using ARP ping (FEATURE_UDHCPC_ARPING) [Y/n/?] (NEW) y
  Do not pass malformed host and domain names (FEATURE_UDHCPC_SANITIZEOPT) [Y/n/?] (NEW) y
  Absolute path to config script (UDHCPC_DEFAULT_SCRIPT) [/usr/share/udhcpc/default.script] (NEW) /usr/share/udhcpc/default.script
Absolute path to config script for IPv6 (UDHCPC6_DEFAULT_SCRIPT) [/usr/share/udhcpc/default6.script] (NEW) /usr/share/udhcpc/default6.script
udhcpc6 (21 kb) (UDHCPC6) [Y/n/?] (NEW) y
  Support RFC 3646 (DNS server and search list) (FEATURE_UDHCPC6_RFC3646) [Y/n/?] (NEW) y
  Support RFC 4704 (Client FQDN) (FEATURE_UDHCPC6_RFC4704) [Y/n/?] (NEW) y
  Support RFC 4833 (Timezones) (FEATURE_UDHCPC6_RFC4833) [Y/n/?] (NEW) y
  Support RFC 5970 (Network Boot) (FEATURE_UDHCPC6_RFC5970) [Y/n/?] (NEW) y
*
* Common options for DHCP applets
*
Default interface name (UDHCPC_DEFAULT_INTERFACE) [eth0] (NEW) eth0
Enable '-P port' option for udhcpd and udhcpc (FEATURE_UDHCP_PORT) [N/y/?] (NEW) n
Maximum verbosity level (0..9) (UDHCP_DEBUG) [2] (NEW) 2
DHCP options slack buffer size (UDHCPC_SLACK_FOR_BUGGY_SERVERS) [80] (NEW) 80
Support RFC 3397 domain search options (FEATURE_UDHCP_RFC3397) [Y/n/?] (NEW) y
Support 802.1Q VLAN parameters options (FEATURE_UDHCP_8021Q) [Y/n/?] (NEW) y
ifup udhcpc command line options (IFUPDOWN_UDHCPC_CMD_OPTIONS) [-R -n] (NEW) -R -n
*
* Print Utilities
*
lpd (5.7 kb) (LPD) [Y/n/?] (NEW) y
lpr (10 kb) (LPR) [Y/n/?] (NEW) y
lpq (10 kb) (LPQ) [Y/n/?] (NEW) y
*
* Mail Utilities
*
Default charset (FEATURE_MIME_CHARSET) [us-ascii] (NEW) us-ascii
makemime (5.6 kb) (MAKEMIME) [Y/n/?] (NEW) y
popmaildir (11 kb) (POPMAILDIR) [Y/n/?] (NEW) y
  Allow message filters and custom delivery program (FEATURE_POPMAILDIR_DELIVERY) [Y/n/?] (NEW) y
reformime (7.6 kb) (REFORMIME) [Y/n/?] (NEW) y
  Accept and ignore options other than -x and -X (FEATURE_REFORMIME_COMPAT) [Y/n/?] (NEW) y
sendmail (14 kb) (SENDMAIL) [Y/n/?] (NEW) y
*
* Process Utilities
*
Faster /proc scanning code (+100 bytes) (FEATURE_FAST_TOP) [N/y/?] (NEW) n
Support thread display in ps/pstree/top (FEATURE_SHOW_THREADS) [Y/n/?] (NEW) y
free (3.8 kb) (FREE) [Y/n/?] (NEW) y
fuser (7.3 kb) (FUSER) [Y/n/?] (NEW) y
iostat (8 kb) (IOSTAT) [Y/n/?] (NEW) y
kill (3.4 kb) (KILL) [Y/n/?] (NEW) y
killall (5.9 kb) (KILLALL) [Y/n/?] (NEW) y
killall5 (5.6 kb) (KILLALL5) [Y/n/?] (NEW) y
lsof (3.7 kb) (LSOF) [Y/n/?] (NEW) y
mpstat (10 kb) (MPSTAT) [Y/n/?] (NEW) y
nmeter (12 kb) (NMETER) [Y/n/?] (NEW) y
pgrep (6.8 kb) (PGREP) [Y/n/?] (NEW) y
pkill (7.8 kb) (PKILL) [Y/n/?] (NEW) y
pidof (6.5 kb) (PIDOF) [Y/n/?] (NEW) y
  Enable single shot (-s) (FEATURE_PIDOF_SINGLE) [Y/n/?] (NEW) y
  Enable omitting pids (-o PID) (FEATURE_PIDOF_OMIT) [Y/n/?] (NEW) y
pmap (6.2 kb) (PMAP) [Y/n/?] (NEW) y
powertop (9.9 kb) (POWERTOP) [Y/n/?] (NEW) y
  Accept keyboard commands (FEATURE_POWERTOP_INTERACTIVE) [Y/n/?] (NEW) y
ps (12 kb) (PS) [Y/n/?] (NEW) y
  Enable -o time and -o etime specifiers (FEATURE_PS_TIME) [Y/n] (NEW) y
    Support Linux prior to 2.4.0 and non-ELF systems (FEATURE_PS_UNUSUAL_SYSTEMS) [N/y/?] (NEW) n
  Enable -o rgroup, -o ruser, -o nice specifiers (FEATURE_PS_ADDITIONAL_COLUMNS) [Y/n] (NEW) y
pstree (9.4 kb) (PSTREE) [Y/n/?] (NEW) y
pwdx (3.9 kb) (PWDX) [Y/n/?] (NEW) y
smemcap (3 kb) (SMEMCAP) [Y/n/?] (NEW) y
sysctl (7.9 kb) (BB_SYSCTL) [Y/n/?] (NEW) y
top (18 kb) (TOP) [Y/n/?] (NEW) y
  Accept keyboard commands (FEATURE_TOP_INTERACTIVE) [Y/n/?] (NEW) y
  Show CPU per-process usage percentage (FEATURE_TOP_CPU_USAGE_PERCENTAGE) [Y/n/?] (NEW) y
    Show CPU global usage percentage (FEATURE_TOP_CPU_GLOBAL_PERCENTS) [Y/n/?] (NEW) y
      SMP CPU usage display ('c' key) (FEATURE_TOP_SMP_CPU) [Y/n/?] (NEW) y
    Show 1/10th of a percent in CPU/mem statistics (FEATURE_TOP_DECIMALS) [Y/n/?] (NEW) y
  Show CPU process runs on ('j' field) (FEATURE_TOP_SMP_PROCESS) [Y/n/?] (NEW) y
  Topmem command ('s' key) (FEATURE_TOPMEM) [Y/n/?] (NEW) y
uptime (4 kb) (UPTIME) [Y/n/?] (NEW) y
  Show the number of users (FEATURE_UPTIME_UTMP_SUPPORT) [Y/n/?] (NEW) y
vmstat (2 kb) (VMSTAT) [Y/n/?] (NEW) y
watch (5.2 kb) (WATCH) [Y/n/?] (NEW) y
*
* Runit Utilities
*
chpst (9.2 kb) (CHPST) [Y/n/?] (NEW) y
setuidgid (4.2 kb) (SETUIDGID) [Y/n/?] (NEW) y
envuidgid (4.1 kb) (ENVUIDGID) [Y/n/?] (NEW) y
envdir (2.9 kb) (ENVDIR) [Y/n/?] (NEW) y
softlimit (4.7 kb) (SOFTLIMIT) [Y/n/?] (NEW) y
runsv (8.2 kb) (RUNSV) [Y/n/?] (NEW) y
runsvdir (6.6 kb) (RUNSVDIR) [Y/n/?] (NEW) y
  Enable scrolling argument log (FEATURE_RUNSVDIR_LOG) [N/y/?] (NEW) n
sv (8.7 kb) (SV) [Y/n/?] (NEW) y
  Default directory for services (SV_DEFAULT_SERVICE_DIR) [/var/service] (NEW) /var/service
svc (8.7 kb) (SVC) [Y/n/?] (NEW) y
svok (1.8 kb) (SVOK) [Y/n/?] (NEW) y
svlogd (16 kb) (SVLOGD) [Y/n/?] (NEW) y
*
* Shells
*
Choose which shell is aliased to 'sh' name
> 1. ash (SH_IS_ASH) (NEW)
  2. hush (SH_IS_HUSH) (NEW)
  3. none (SH_IS_NONE) (NEW)
choice[1-3?]: 1
Choose which shell is aliased to 'bash' name
  1. ash (BASH_IS_ASH) (NEW)
  2. hush (BASH_IS_HUSH) (NEW)
> 3. none (BASH_IS_NONE) (NEW)
choice[1-3?]: 3
ash (80 kb) (ASH) [Y/n/?] (NEW) y
  Optimize for size instead of speed (ASH_OPTIMIZE_FOR_SIZE) [Y/n] (NEW) y
  Use internal glob() implementation (ASH_INTERNAL_GLOB) [Y/n/?] (NEW) y
  bash-compatible extensions (ASH_BASH_COMPAT) [Y/n] (NEW) y
    'source' and '.' builtins search current directory after $PATH (ASH_BASH_SOURCE_CURDIR) [N/y/?] (NEW) n
    command_not_found_handle hook support (ASH_BASH_NOT_FOUND_HOOK) [Y/n/?] (NEW) y
  Job control (ASH_JOB_CONTROL) [Y/n/?] (NEW) y
  Alias support (ASH_ALIAS) [Y/n] (NEW) y
  Pseudorandom generator and $RANDOM variable (ASH_RANDOM_SUPPORT) [Y/n/?] (NEW) y
  Expand prompt string (ASH_EXPAND_PRMT) [Y/n/?] (NEW) y
  Idle timeout variable $TMOUT (ASH_IDLE_TIMEOUT) [Y/n/?] (NEW) y
  Check for new mail in interactive shell (ASH_MAIL) [Y/n/?] (NEW) y
  echo builtin (ASH_ECHO) [Y/n] (NEW) y
  printf builtin (ASH_PRINTF) [Y/n] (NEW) y
  test builtin (ASH_TEST) [Y/n] (NEW) y
  help builtin (ASH_HELP) [Y/n] (NEW) y
  getopts builtin (ASH_GETOPTS) [Y/n] (NEW) y
  command builtin (ASH_CMDCMD) [Y/n/?] (NEW) y
cttyhack (2.7 kb) (CTTYHACK) [Y/n/?] (NEW) y
hush (70 kb) (HUSH) [Y/n/?] (NEW) y
Internal shell for embedded script support (SHELL_HUSH) [Y] (NEW) y
  Faster, but larger code (HUSH_NEED_FOR_SPEED) [Y/n] (NEW) y
  bash-compatible extensions (HUSH_BASH_COMPAT) [Y/n] (NEW) y
    Brace expansion (HUSH_BRACE_EXPANSION) [Y/n/?] (NEW) y
    'source' and '.' builtins search current directory after $PATH (HUSH_BASH_SOURCE_CURDIR) [N/y/?] (NEW) n
  $LINENO variable (bashism) (HUSH_LINENO_VAR) [Y/n] (NEW) y
  Interactive mode (HUSH_INTERACTIVE) [Y/n/?] (NEW) y
    Save command history to .hush_history (HUSH_SAVEHISTORY) [Y/n] (NEW) y
    Job control (HUSH_JOB) [Y/n/?] (NEW) y
  Support command substitution (HUSH_TICK) [Y/n/?] (NEW) y
  Support if/then/elif/else/fi (HUSH_IF) [Y/n] (NEW) y
  Support for, while and until loops (HUSH_LOOPS) [Y/n] (NEW) y
  Support case ... esac statement (HUSH_CASE) [Y/n/?] (NEW) y
  Support aliases (HUSH_ALIAS) [Y/n/?] (NEW) y
  Support funcname() { commands; } syntax (HUSH_FUNCTIONS) [Y/n/?] (NEW) y
    Support function keyword (HUSH_FUNCTION_KEYWORD) [Y/n/?] (NEW) y
    local builtin (HUSH_LOCAL) [Y/n/?] (NEW) y
  Pseudorandom generator and $RANDOM variable (HUSH_RANDOM_SUPPORT) [Y/n/?] (NEW) y
  Support 'hush -x' option and 'set -x' command (HUSH_MODE_X) [Y/n/?] (NEW) y
  echo builtin (HUSH_ECHO) [Y/n] (NEW) y
  printf builtin (HUSH_PRINTF) [Y/n] (NEW) y
  test builtin (HUSH_TEST) [Y/n] (NEW) y
  help builtin (HUSH_HELP) [Y/n] (NEW) y
  export builtin (HUSH_EXPORT) [Y/n] (NEW) y
    Support 'export -n' option (HUSH_EXPORT_N) [Y/n/?] (NEW) y
  readonly builtin (HUSH_READONLY) [Y/n/?] (NEW) y
  kill builtin (supports kill %jobspec) (HUSH_KILL) [Y/n] (NEW) y
  wait builtin (HUSH_WAIT) [Y/n] (NEW) y
  command builtin (HUSH_COMMAND) [Y/n] (NEW) y
  trap builtin (HUSH_TRAP) [Y/n] (NEW) y
  type builtin (HUSH_TYPE) [Y/n] (NEW) y
  times builtin (HUSH_TIMES) [Y/n] (NEW) y
  read builtin (HUSH_READ) [Y/n] (NEW) y
  set builtin (HUSH_SET) [Y/n] (NEW) y
  unset builtin (HUSH_UNSET) [Y/n] (NEW) y
  ulimit builtin (HUSH_ULIMIT) [Y/n] (NEW) y
  umask builtin (HUSH_UMASK) [Y/n] (NEW) y
  getopts builtin (HUSH_GETOPTS) [Y/n] (NEW) y
  memleak builtin (debugging) (HUSH_MEMLEAK) [N/y] (NEW) n
*
* Options common to all shells
*
POSIX math support (FEATURE_SH_MATH) [Y/n/?] (NEW) y
  Extend POSIX math support to 64 bit (FEATURE_SH_MATH_64) [Y/n/?] (NEW) y
  Support BASE#nnnn literals (FEATURE_SH_MATH_BASE) [Y/n] (NEW) y
Hide message on interactive shell startup (FEATURE_SH_EXTRA_QUIET) [Y/n/?] (NEW) y
Standalone shell (FEATURE_SH_STANDALONE) [N/y/?] (NEW) n
Run 'nofork' applets directly (FEATURE_SH_NOFORK) [N/y/?] (NEW) n
read -t N.NNN support (+110 bytes) (FEATURE_SH_READ_FRAC) [Y/n/?] (NEW) y
Use $HISTFILESIZE (FEATURE_SH_HISTFILESIZE) [Y/n/?] (NEW) y
Embed scripts in the binary (FEATURE_SH_EMBEDDED_SCRIPTS) [Y/n/?] (NEW) y
*
* System Logging Utilities
*
klogd (6.2 kb) (KLOGD) [Y/n/?] (NEW) y
  *
  * klogd should not be used together with syslog to kernel printk buffer
  *
  Use the klogctl() interface (FEATURE_KLOGD_KLOGCTL) [Y/n/?] (NEW) y
logger (6.5 kb) (LOGGER) [Y/n/?] (NEW) y
logread (5 kb) (LOGREAD) [Y/n/?] (NEW) y
  Double buffering (FEATURE_LOGREAD_REDUCED_LOCKING) [Y/n/?] (NEW) y
syslogd (14 kb) (SYSLOGD) [Y/n/?] (NEW) y
  Rotate message files (FEATURE_ROTATE_LOGFILE) [Y/n/?] (NEW) y
  Remote Log support (FEATURE_REMOTE_LOG) [Y/n/?] (NEW) y
  Support -D (drop dups) option (FEATURE_SYSLOGD_DUP) [Y/n/?] (NEW) y
  Support syslog.conf (FEATURE_SYSLOGD_CFG) [Y/n/?] (NEW) y
  Include milliseconds in timestamps (FEATURE_SYSLOGD_PRECISE_TIMESTAMPS) [N/y/?] (NEW) n
  Read buffer size in bytes (FEATURE_SYSLOGD_READ_BUFFER_SIZE) [256] (NEW) 256
  Circular Buffer support (FEATURE_IPC_SYSLOG) [Y/n/?] (NEW) y
    Circular buffer size in Kbytes (minimum 4KB) (FEATURE_IPC_SYSLOG_BUFFER_SIZE) [16] (NEW) 16
  Linux kernel printk buffer support (FEATURE_KMSG_SYSLOG) [Y/n/?] (NEW) y
[1;36m[3/6] Compilando BusyBox...[0m
 Library m is needed, can't exclude it (yet)
 Library resolv is needed, can't exclude it (yet)
Final link with: m resolv
[1;36m[4/6] Instalando BusyBox en el initramfs...[0m
  /workspaces/copy-fail-challenge-1/kernel/initramfs//bin/arch -> busybox
  /workspaces/copy-fail-challenge-1/kernel/initramfs//bin/ash -> busybox
  /workspaces/copy-fail-challenge-1/kernel/initramfs//bin/base32 -> busybox
  /workspaces/copy-fail-challenge-1/kernel/initramfs//bin/base64 -> busybox
  /workspaces/copy-fail-challenge-1/kernel/initramfs//bin/cat -> busybox
  /workspaces/copy-fail-challenge-1/kernel/initramfs//bin/chattr -> busybox
  /workspaces/copy-fail-challenge-1/kernel/initramfs//bin/chgrp -> busybox
  /workspaces/copy-fail-challenge-1/kernel/initramfs//bin/chmod -> busybox
  /workspaces/copy-fail-challenge-1/kernel/initramfs//bin/chown -> busybox
  /workspaces/copy-fail-challenge-1/kernel/initramfs//bin/conspy -> busybox
  /workspaces/copy-fail-challenge-1/kernel/initramfs//bin/cp -> busybox
  /workspaces/copy-fail-challenge-1/kernel/initramfs//bin/cpio -> busybox
  /workspaces/copy-fail-challenge-1/kernel/initramfs//bin/cttyhack -> busybox
  /workspaces/copy-fail-challenge-1/kernel/initramfs//bin/date -> busybox
  /workspaces/copy-fail-challenge-1/kernel/initramfs//bin/dd -> busybox
  /workspaces/copy-fail-challenge-1/kernel/initramfs//bin/df -> busybox
  /workspaces/copy-fail-challenge-1/kernel/initramfs//bin/dmesg -> busybox
  /workspaces/copy-fail-challenge-1/kernel/initramfs//bin/dnsdomainname -> busybox
  /workspaces/copy-fail-challenge-1/kernel/initramfs//bin/dumpkmap -> busybox
  /workspaces/copy-fail-challenge-1/kernel/initramfs//bin/echo -> busybox
  /workspaces/copy-fail-challenge-1/kernel/initramfs//bin/ed -> busybox
  /workspaces/copy-fail-challenge-1/kernel/initramfs//bin/egrep -> busybox
  /workspaces/copy-fail-challenge-1/kernel/initramfs//bin/false -> busybox
  /workspaces/copy-fail-challenge-1/kernel/initramfs//bin/fatattr -> busybox
  /workspaces/copy-fail-challenge-1/kernel/initramfs//bin/fdflush -> busybox
  /workspaces/copy-fail-challenge-1/kernel/initramfs//bin/fgrep -> busybox
  /workspaces/copy-fail-challenge-1/kernel/initramfs//bin/fsync -> busybox
  /workspaces/copy-fail-challenge-1/kernel/initramfs//bin/getopt -> busybox
  /workspaces/copy-fail-challenge-1/kernel/initramfs//bin/grep -> busybox
  /workspaces/copy-fail-challenge-1/kernel/initramfs//bin/gunzip -> busybox
  /workspaces/copy-fail-challenge-1/kernel/initramfs//bin/gzip -> busybox
  /workspaces/copy-fail-challenge-1/kernel/initramfs//bin/hostname -> busybox
  /workspaces/copy-fail-challenge-1/kernel/initramfs//bin/hush -> busybox
  /workspaces/copy-fail-challenge-1/kernel/initramfs//bin/ionice -> busybox
  /workspaces/copy-fail-challenge-1/kernel/initramfs//bin/iostat -> busybox
  /workspaces/copy-fail-challenge-1/kernel/initramfs//bin/ipcalc -> busybox
  /workspaces/copy-fail-challenge-1/kernel/initramfs//bin/kbd_mode -> busybox
  /workspaces/copy-fail-challenge-1/kernel/initramfs//bin/kill -> busybox
  /workspaces/copy-fail-challenge-1/kernel/initramfs//bin/link -> busybox
  /workspaces/copy-fail-challenge-1/kernel/initramfs//bin/linux32 -> busybox
  /workspaces/copy-fail-challenge-1/kernel/initramfs//bin/linux64 -> busybox
  /workspaces/copy-fail-challenge-1/kernel/initramfs//bin/ln -> busybox
  /workspaces/copy-fail-challenge-1/kernel/initramfs//bin/login -> busybox
  /workspaces/copy-fail-challenge-1/kernel/initramfs//bin/ls -> busybox
  /workspaces/copy-fail-challenge-1/kernel/initramfs//bin/lsattr -> busybox
  /workspaces/copy-fail-challenge-1/kernel/initramfs//bin/lzop -> busybox
  /workspaces/copy-fail-challenge-1/kernel/initramfs//bin/makemime -> busybox
  /workspaces/copy-fail-challenge-1/kernel/initramfs//bin/mkdir -> busybox
  /workspaces/copy-fail-challenge-1/kernel/initramfs//bin/mknod -> busybox
  /workspaces/copy-fail-challenge-1/kernel/initramfs//bin/mktemp -> busybox
  /workspaces/copy-fail-challenge-1/kernel/initramfs//bin/more -> busybox
  /workspaces/copy-fail-challenge-1/kernel/initramfs//bin/mount -> busybox
  /workspaces/copy-fail-challenge-1/kernel/initramfs//bin/mountpoint -> busybox
  /workspaces/copy-fail-challenge-1/kernel/initramfs//bin/mpstat -> busybox
  /workspaces/copy-fail-challenge-1/kernel/initramfs//bin/mt -> busybox
  /workspaces/copy-fail-challenge-1/kernel/initramfs//bin/mv -> busybox
  /workspaces/copy-fail-challenge-1/kernel/initramfs//bin/netstat -> busybox
  /workspaces/copy-fail-challenge-1/kernel/initramfs//bin/nice -> busybox
  /workspaces/copy-fail-challenge-1/kernel/initramfs//bin/pidof -> busybox
  /workspaces/copy-fail-challenge-1/kernel/initramfs//bin/ping -> busybox
  /workspaces/copy-fail-challenge-1/kernel/initramfs//bin/ping6 -> busybox
  /workspaces/copy-fail-challenge-1/kernel/initramfs//bin/pipe_progress -> busybox
  /workspaces/copy-fail-challenge-1/kernel/initramfs//bin/printenv -> busybox
  /workspaces/copy-fail-challenge-1/kernel/initramfs//bin/ps -> busybox
  /workspaces/copy-fail-challenge-1/kernel/initramfs//bin/pwd -> busybox
  /workspaces/copy-fail-challenge-1/kernel/initramfs//bin/reformime -> busybox
  /workspaces/copy-fail-challenge-1/kernel/initramfs//bin/resume -> busybox
  /workspaces/copy-fail-challenge-1/kernel/initramfs//bin/rev -> busybox
  /workspaces/copy-fail-challenge-1/kernel/initramfs//bin/rm -> busybox
  /workspaces/copy-fail-challenge-1/kernel/initramfs//bin/rmdir -> busybox
  /workspaces/copy-fail-challenge-1/kernel/initramfs//bin/rpm -> busybox
  /workspaces/copy-fail-challenge-1/kernel/initramfs//bin/run-parts -> busybox
  /workspaces/copy-fail-challenge-1/kernel/initramfs//bin/scriptreplay -> busybox
  /workspaces/copy-fail-challenge-1/kernel/initramfs//bin/sed -> busybox
  /workspaces/copy-fail-challenge-1/kernel/initramfs//bin/setarch -> busybox
  /workspaces/copy-fail-challenge-1/kernel/initramfs//bin/setpriv -> busybox
  /workspaces/copy-fail-challenge-1/kernel/initramfs//bin/setserial -> busybox
  /workspaces/copy-fail-challenge-1/kernel/initramfs//bin/sh -> busybox
  /workspaces/copy-fail-challenge-1/kernel/initramfs//bin/sleep -> busybox
  /workspaces/copy-fail-challenge-1/kernel/initramfs//bin/stat -> busybox
  /workspaces/copy-fail-challenge-1/kernel/initramfs//bin/stty -> busybox
  /workspaces/copy-fail-challenge-1/kernel/initramfs//bin/su -> busybox
  /workspaces/copy-fail-challenge-1/kernel/initramfs//bin/sync -> busybox
  /workspaces/copy-fail-challenge-1/kernel/initramfs//bin/tar -> busybox
  /workspaces/copy-fail-challenge-1/kernel/initramfs//bin/touch -> busybox
  /workspaces/copy-fail-challenge-1/kernel/initramfs//bin/true -> busybox
  /workspaces/copy-fail-challenge-1/kernel/initramfs//bin/umount -> busybox
  /workspaces/copy-fail-challenge-1/kernel/initramfs//bin/uname -> busybox
  /workspaces/copy-fail-challenge-1/kernel/initramfs//bin/usleep -> busybox
  /workspaces/copy-fail-challenge-1/kernel/initramfs//bin/vi -> busybox
  /workspaces/copy-fail-challenge-1/kernel/initramfs//bin/vmstat -> busybox
  /workspaces/copy-fail-challenge-1/kernel/initramfs//bin/watch -> busybox
  /workspaces/copy-fail-challenge-1/kernel/initramfs//bin/zcat -> busybox
  /workspaces/copy-fail-challenge-1/kernel/initramfs//linuxrc -> bin/busybox
  /workspaces/copy-fail-challenge-1/kernel/initramfs//sbin/acpid -> ../bin/busybox
  /workspaces/copy-fail-challenge-1/kernel/initramfs//sbin/adjtimex -> ../bin/busybox
  /workspaces/copy-fail-challenge-1/kernel/initramfs//sbin/arp -> ../bin/busybox
  /workspaces/copy-fail-challenge-1/kernel/initramfs//sbin/blkid -> ../bin/busybox
  /workspaces/copy-fail-challenge-1/kernel/initramfs//sbin/blockdev -> ../bin/busybox
  /workspaces/copy-fail-challenge-1/kernel/initramfs//sbin/bootchartd -> ../bin/busybox
  /workspaces/copy-fail-challenge-1/kernel/initramfs//sbin/depmod -> ../bin/busybox
  /workspaces/copy-fail-challenge-1/kernel/initramfs//sbin/devmem -> ../bin/busybox
  /workspaces/copy-fail-challenge-1/kernel/initramfs//sbin/fbsplash -> ../bin/busybox
  /workspaces/copy-fail-challenge-1/kernel/initramfs//sbin/fdisk -> ../bin/busybox
  /workspaces/copy-fail-challenge-1/kernel/initramfs//sbin/findfs -> ../bin/busybox
  /workspaces/copy-fail-challenge-1/kernel/initramfs//sbin/freeramdisk -> ../bin/busybox
  /workspaces/copy-fail-challenge-1/kernel/initramfs//sbin/fsck -> ../bin/busybox
  /workspaces/copy-fail-challenge-1/kernel/initramfs//sbin/fsck.minix -> ../bin/busybox
  /workspaces/copy-fail-challenge-1/kernel/initramfs//sbin/fstrim -> ../bin/busybox
  /workspaces/copy-fail-challenge-1/kernel/initramfs//sbin/getty -> ../bin/busybox
  /workspaces/copy-fail-challenge-1/kernel/initramfs//sbin/halt -> ../bin/busybox
  /workspaces/copy-fail-challenge-1/kernel/initramfs//sbin/hdparm -> ../bin/busybox
  /workspaces/copy-fail-challenge-1/kernel/initramfs//sbin/hwclock -> ../bin/busybox
  /workspaces/copy-fail-challenge-1/kernel/initramfs//sbin/ifconfig -> ../bin/busybox
  /workspaces/copy-fail-challenge-1/kernel/initramfs//sbin/ifdown -> ../bin/busybox
  /workspaces/copy-fail-challenge-1/kernel/initramfs//sbin/ifenslave -> ../bin/busybox
  /workspaces/copy-fail-challenge-1/kernel/initramfs//sbin/ifup -> ../bin/busybox
  /workspaces/copy-fail-challenge-1/kernel/initramfs//sbin/init -> ../bin/busybox
  /workspaces/copy-fail-challenge-1/kernel/initramfs//sbin/insmod -> ../bin/busybox
  /workspaces/copy-fail-challenge-1/kernel/initramfs//sbin/ip -> ../bin/busybox
  /workspaces/copy-fail-challenge-1/kernel/initramfs//sbin/ipaddr -> ../bin/busybox
  /workspaces/copy-fail-challenge-1/kernel/initramfs//sbin/iplink -> ../bin/busybox
  /workspaces/copy-fail-challenge-1/kernel/initramfs//sbin/ipneigh -> ../bin/busybox
  /workspaces/copy-fail-challenge-1/kernel/initramfs//sbin/iproute -> ../bin/busybox
  /workspaces/copy-fail-challenge-1/kernel/initramfs//sbin/iprule -> ../bin/busybox
  /workspaces/copy-fail-challenge-1/kernel/initramfs//sbin/iptunnel -> ../bin/busybox
  /workspaces/copy-fail-challenge-1/kernel/initramfs//sbin/klogd -> ../bin/busybox
  /workspaces/copy-fail-challenge-1/kernel/initramfs//sbin/loadkmap -> ../bin/busybox
  /workspaces/copy-fail-challenge-1/kernel/initramfs//sbin/logread -> ../bin/busybox
  /workspaces/copy-fail-challenge-1/kernel/initramfs//sbin/losetup -> ../bin/busybox
  /workspaces/copy-fail-challenge-1/kernel/initramfs//sbin/lsmod -> ../bin/busybox
  /workspaces/copy-fail-challenge-1/kernel/initramfs//sbin/makedevs -> ../bin/busybox
  /workspaces/copy-fail-challenge-1/kernel/initramfs//sbin/mdev -> ../bin/busybox
  /workspaces/copy-fail-challenge-1/kernel/initramfs//sbin/mkdosfs -> ../bin/busybox
  /workspaces/copy-fail-challenge-1/kernel/initramfs//sbin/mke2fs -> ../bin/busybox
  /workspaces/copy-fail-challenge-1/kernel/initramfs//sbin/mkfs.ext2 -> ../bin/busybox
  /workspaces/copy-fail-challenge-1/kernel/initramfs//sbin/mkfs.minix -> ../bin/busybox
  /workspaces/copy-fail-challenge-1/kernel/initramfs//sbin/mkfs.vfat -> ../bin/busybox
  /workspaces/copy-fail-challenge-1/kernel/initramfs//sbin/mkswap -> ../bin/busybox
  /workspaces/copy-fail-challenge-1/kernel/initramfs//sbin/modinfo -> ../bin/busybox
  /workspaces/copy-fail-challenge-1/kernel/initramfs//sbin/modprobe -> ../bin/busybox
  /workspaces/copy-fail-challenge-1/kernel/initramfs//sbin/nameif -> ../bin/busybox
  /workspaces/copy-fail-challenge-1/kernel/initramfs//sbin/pivot_root -> ../bin/busybox
  /workspaces/copy-fail-challenge-1/kernel/initramfs//sbin/poweroff -> ../bin/busybox
  /workspaces/copy-fail-challenge-1/kernel/initramfs//sbin/raidautorun -> ../bin/busybox
  /workspaces/copy-fail-challenge-1/kernel/initramfs//sbin/reboot -> ../bin/busybox
  /workspaces/copy-fail-challenge-1/kernel/initramfs//sbin/rmmod -> ../bin/busybox
  /workspaces/copy-fail-challenge-1/kernel/initramfs//sbin/route -> ../bin/busybox
  /workspaces/copy-fail-challenge-1/kernel/initramfs//sbin/run-init -> ../bin/busybox
  /workspaces/copy-fail-challenge-1/kernel/initramfs//sbin/runlevel -> ../bin/busybox
  /workspaces/copy-fail-challenge-1/kernel/initramfs//sbin/setconsole -> ../bin/busybox
  /workspaces/copy-fail-challenge-1/kernel/initramfs//sbin/slattach -> ../bin/busybox
  /workspaces/copy-fail-challenge-1/kernel/initramfs//sbin/start-stop-daemon -> ../bin/busybox
  /workspaces/copy-fail-challenge-1/kernel/initramfs//sbin/sulogin -> ../bin/busybox
  /workspaces/copy-fail-challenge-1/kernel/initramfs//sbin/swapoff -> ../bin/busybox
  /workspaces/copy-fail-challenge-1/kernel/initramfs//sbin/swapon -> ../bin/busybox
  /workspaces/copy-fail-challenge-1/kernel/initramfs//sbin/switch_root -> ../bin/busybox
  /workspaces/copy-fail-challenge-1/kernel/initramfs//sbin/sysctl -> ../bin/busybox
  /workspaces/copy-fail-challenge-1/kernel/initramfs//sbin/syslogd -> ../bin/busybox
  /workspaces/copy-fail-challenge-1/kernel/initramfs//sbin/tunctl -> ../bin/busybox
  /workspaces/copy-fail-challenge-1/kernel/initramfs//sbin/udhcpc -> ../bin/busybox
  /workspaces/copy-fail-challenge-1/kernel/initramfs//sbin/uevent -> ../bin/busybox
  /workspaces/copy-fail-challenge-1/kernel/initramfs//sbin/vconfig -> ../bin/busybox
  /workspaces/copy-fail-challenge-1/kernel/initramfs//sbin/watchdog -> ../bin/busybox
  /workspaces/copy-fail-challenge-1/kernel/initramfs//sbin/zcip -> ../bin/busybox
  /workspaces/copy-fail-challenge-1/kernel/initramfs//usr/bin/[ -> ../../bin/busybox
  /workspaces/copy-fail-challenge-1/kernel/initramfs//usr/bin/[[ -> ../../bin/busybox
  /workspaces/copy-fail-challenge-1/kernel/initramfs//usr/bin/ascii -> ../../bin/busybox
  /workspaces/copy-fail-challenge-1/kernel/initramfs//usr/bin/awk -> ../../bin/busybox
  /workspaces/copy-fail-challenge-1/kernel/initramfs//usr/bin/basename -> ../../bin/busybox
  /workspaces/copy-fail-challenge-1/kernel/initramfs//usr/bin/bc -> ../../bin/busybox
  /workspaces/copy-fail-challenge-1/kernel/initramfs//usr/bin/beep -> ../../bin/busybox
  /workspaces/copy-fail-challenge-1/kernel/initramfs//usr/bin/blkdiscard -> ../../bin/busybox
  /workspaces/copy-fail-challenge-1/kernel/initramfs//usr/bin/bunzip2 -> ../../bin/busybox
  /workspaces/copy-fail-challenge-1/kernel/initramfs//usr/bin/bzcat -> ../../bin/busybox
  /workspaces/copy-fail-challenge-1/kernel/initramfs//usr/bin/bzip2 -> ../../bin/busybox
  /workspaces/copy-fail-challenge-1/kernel/initramfs//usr/bin/cal -> ../../bin/busybox
  /workspaces/copy-fail-challenge-1/kernel/initramfs//usr/bin/chpst -> ../../bin/busybox
  /workspaces/copy-fail-challenge-1/kernel/initramfs//usr/bin/chrt -> ../../bin/busybox
  /workspaces/copy-fail-challenge-1/kernel/initramfs//usr/bin/chvt -> ../../bin/busybox
  /workspaces/copy-fail-challenge-1/kernel/initramfs//usr/bin/cksum -> ../../bin/busybox
  /workspaces/copy-fail-challenge-1/kernel/initramfs//usr/bin/clear -> ../../bin/busybox
  /workspaces/copy-fail-challenge-1/kernel/initramfs//usr/bin/cmp -> ../../bin/busybox
  /workspaces/copy-fail-challenge-1/kernel/initramfs//usr/bin/comm -> ../../bin/busybox
  /workspaces/copy-fail-challenge-1/kernel/initramfs//usr/bin/crc32 -> ../../bin/busybox
  /workspaces/copy-fail-challenge-1/kernel/initramfs//usr/bin/crontab -> ../../bin/busybox
  /workspaces/copy-fail-challenge-1/kernel/initramfs//usr/bin/cryptpw -> ../../bin/busybox
  /workspaces/copy-fail-challenge-1/kernel/initramfs//usr/bin/cut -> ../../bin/busybox
  /workspaces/copy-fail-challenge-1/kernel/initramfs//usr/bin/dc -> ../../bin/busybox
  /workspaces/copy-fail-challenge-1/kernel/initramfs//usr/bin/deallocvt -> ../../bin/busybox
  /workspaces/copy-fail-challenge-1/kernel/initramfs//usr/bin/diff -> ../../bin/busybox
  /workspaces/copy-fail-challenge-1/kernel/initramfs//usr/bin/dirname -> ../../bin/busybox
  /workspaces/copy-fail-challenge-1/kernel/initramfs//usr/bin/dos2unix -> ../../bin/busybox
  /workspaces/copy-fail-challenge-1/kernel/initramfs//usr/bin/dpkg -> ../../bin/busybox
  /workspaces/copy-fail-challenge-1/kernel/initramfs//usr/bin/dpkg-deb -> ../../bin/busybox
  /workspaces/copy-fail-challenge-1/kernel/initramfs//usr/bin/du -> ../../bin/busybox
  /workspaces/copy-fail-challenge-1/kernel/initramfs//usr/bin/dumpleases -> ../../bin/busybox
  /workspaces/copy-fail-challenge-1/kernel/initramfs//usr/bin/eject -> ../../bin/busybox
  /workspaces/copy-fail-challenge-1/kernel/initramfs//usr/bin/env -> ../../bin/busybox
  /workspaces/copy-fail-challenge-1/kernel/initramfs//usr/bin/envdir -> ../../bin/busybox
  /workspaces/copy-fail-challenge-1/kernel/initramfs//usr/bin/envuidgid -> ../../bin/busybox
  /workspaces/copy-fail-challenge-1/kernel/initramfs//usr/bin/expand -> ../../bin/busybox
  /workspaces/copy-fail-challenge-1/kernel/initramfs//usr/bin/expr -> ../../bin/busybox
  /workspaces/copy-fail-challenge-1/kernel/initramfs//usr/bin/factor -> ../../bin/busybox
  /workspaces/copy-fail-challenge-1/kernel/initramfs//usr/bin/fallocate -> ../../bin/busybox
  /workspaces/copy-fail-challenge-1/kernel/initramfs//usr/bin/fgconsole -> ../../bin/busybox
  /workspaces/copy-fail-challenge-1/kernel/initramfs//usr/bin/find -> ../../bin/busybox
  /workspaces/copy-fail-challenge-1/kernel/initramfs//usr/bin/flock -> ../../bin/busybox
  /workspaces/copy-fail-challenge-1/kernel/initramfs//usr/bin/fold -> ../../bin/busybox
  /workspaces/copy-fail-challenge-1/kernel/initramfs//usr/bin/free -> ../../bin/busybox
  /workspaces/copy-fail-challenge-1/kernel/initramfs//usr/bin/ftpget -> ../../bin/busybox
  /workspaces/copy-fail-challenge-1/kernel/initramfs//usr/bin/ftpput -> ../../bin/busybox
  /workspaces/copy-fail-challenge-1/kernel/initramfs//usr/bin/fuser -> ../../bin/busybox
  /workspaces/copy-fail-challenge-1/kernel/initramfs//usr/bin/getfattr -> ../../bin/busybox
  /workspaces/copy-fail-challenge-1/kernel/initramfs//usr/bin/groups -> ../../bin/busybox
  /workspaces/copy-fail-challenge-1/kernel/initramfs//usr/bin/hd -> ../../bin/busybox
  /workspaces/copy-fail-challenge-1/kernel/initramfs//usr/bin/head -> ../../bin/busybox
  /workspaces/copy-fail-challenge-1/kernel/initramfs//usr/bin/hexdump -> ../../bin/busybox
  /workspaces/copy-fail-challenge-1/kernel/initramfs//usr/bin/hexedit -> ../../bin/busybox
  /workspaces/copy-fail-challenge-1/kernel/initramfs//usr/bin/hostid -> ../../bin/busybox
  /workspaces/copy-fail-challenge-1/kernel/initramfs//usr/bin/id -> ../../bin/busybox
  /workspaces/copy-fail-challenge-1/kernel/initramfs//usr/bin/install -> ../../bin/busybox
  /workspaces/copy-fail-challenge-1/kernel/initramfs//usr/bin/ipcrm -> ../../bin/busybox
  /workspaces/copy-fail-challenge-1/kernel/initramfs//usr/bin/ipcs -> ../../bin/busybox
  /workspaces/copy-fail-challenge-1/kernel/initramfs//usr/bin/killall -> ../../bin/busybox
  /workspaces/copy-fail-challenge-1/kernel/initramfs//usr/bin/last -> ../../bin/busybox
  /workspaces/copy-fail-challenge-1/kernel/initramfs//usr/bin/less -> ../../bin/busybox
  /workspaces/copy-fail-challenge-1/kernel/initramfs//usr/bin/logger -> ../../bin/busybox
  /workspaces/copy-fail-challenge-1/kernel/initramfs//usr/bin/logname -> ../../bin/busybox
  /workspaces/copy-fail-challenge-1/kernel/initramfs//usr/bin/lpq -> ../../bin/busybox
  /workspaces/copy-fail-challenge-1/kernel/initramfs//usr/bin/lpr -> ../../bin/busybox
  /workspaces/copy-fail-challenge-1/kernel/initramfs//usr/bin/lsblk -> ../../bin/busybox
  /workspaces/copy-fail-challenge-1/kernel/initramfs//usr/bin/lsof -> ../../bin/busybox
  /workspaces/copy-fail-challenge-1/kernel/initramfs//usr/bin/lspci -> ../../bin/busybox
  /workspaces/copy-fail-challenge-1/kernel/initramfs//usr/bin/lsscsi -> ../../bin/busybox
  /workspaces/copy-fail-challenge-1/kernel/initramfs//usr/bin/lsusb -> ../../bin/busybox
  /workspaces/copy-fail-challenge-1/kernel/initramfs//usr/bin/lzcat -> ../../bin/busybox
  /workspaces/copy-fail-challenge-1/kernel/initramfs//usr/bin/lzma -> ../../bin/busybox
  /workspaces/copy-fail-challenge-1/kernel/initramfs//usr/bin/man -> ../../bin/busybox
  /workspaces/copy-fail-challenge-1/kernel/initramfs//usr/bin/md5sum -> ../../bin/busybox
  /workspaces/copy-fail-challenge-1/kernel/initramfs//usr/bin/mesg -> ../../bin/busybox
  /workspaces/copy-fail-challenge-1/kernel/initramfs//usr/bin/microcom -> ../../bin/busybox
  /workspaces/copy-fail-challenge-1/kernel/initramfs//usr/bin/mkfifo -> ../../bin/busybox
  /workspaces/copy-fail-challenge-1/kernel/initramfs//usr/bin/mkpasswd -> ../../bin/busybox
  /workspaces/copy-fail-challenge-1/kernel/initramfs//usr/bin/nc -> ../../bin/busybox
  /workspaces/copy-fail-challenge-1/kernel/initramfs//usr/bin/nl -> ../../bin/busybox
  /workspaces/copy-fail-challenge-1/kernel/initramfs//usr/bin/nmeter -> ../../bin/busybox
  /workspaces/copy-fail-challenge-1/kernel/initramfs//usr/bin/nohup -> ../../bin/busybox
  /workspaces/copy-fail-challenge-1/kernel/initramfs//usr/bin/nproc -> ../../bin/busybox
  /workspaces/copy-fail-challenge-1/kernel/initramfs//usr/bin/nsenter -> ../../bin/busybox
  /workspaces/copy-fail-challenge-1/kernel/initramfs//usr/bin/nslookup -> ../../bin/busybox
  /workspaces/copy-fail-challenge-1/kernel/initramfs//usr/bin/od -> ../../bin/busybox
  /workspaces/copy-fail-challenge-1/kernel/initramfs//usr/bin/openvt -> ../../bin/busybox
  /workspaces/copy-fail-challenge-1/kernel/initramfs//usr/bin/passwd -> ../../bin/busybox
  /workspaces/copy-fail-challenge-1/kernel/initramfs//usr/bin/paste -> ../../bin/busybox
  /workspaces/copy-fail-challenge-1/kernel/initramfs//usr/bin/patch -> ../../bin/busybox
  /workspaces/copy-fail-challenge-1/kernel/initramfs//usr/bin/pgrep -> ../../bin/busybox
  /workspaces/copy-fail-challenge-1/kernel/initramfs//usr/bin/pkill -> ../../bin/busybox
  /workspaces/copy-fail-challenge-1/kernel/initramfs//usr/bin/pmap -> ../../bin/busybox
  /workspaces/copy-fail-challenge-1/kernel/initramfs//usr/bin/printf -> ../../bin/busybox
  /workspaces/copy-fail-challenge-1/kernel/initramfs//usr/bin/pscan -> ../../bin/busybox
  /workspaces/copy-fail-challenge-1/kernel/initramfs//usr/bin/pstree -> ../../bin/busybox
  /workspaces/copy-fail-challenge-1/kernel/initramfs//usr/bin/pwdx -> ../../bin/busybox
  /workspaces/copy-fail-challenge-1/kernel/initramfs//usr/bin/readlink -> ../../bin/busybox
  /workspaces/copy-fail-challenge-1/kernel/initramfs//usr/bin/realpath -> ../../bin/busybox
  /workspaces/copy-fail-challenge-1/kernel/initramfs//usr/bin/renice -> ../../bin/busybox
  /workspaces/copy-fail-challenge-1/kernel/initramfs//usr/bin/reset -> ../../bin/busybox
  /workspaces/copy-fail-challenge-1/kernel/initramfs//usr/bin/resize -> ../../bin/busybox
  /workspaces/copy-fail-challenge-1/kernel/initramfs//usr/bin/rpm2cpio -> ../../bin/busybox
  /workspaces/copy-fail-challenge-1/kernel/initramfs//usr/bin/runsv -> ../../bin/busybox
  /workspaces/copy-fail-challenge-1/kernel/initramfs//usr/bin/runsvdir -> ../../bin/busybox
  /workspaces/copy-fail-challenge-1/kernel/initramfs//usr/bin/rx -> ../../bin/busybox
  /workspaces/copy-fail-challenge-1/kernel/initramfs//usr/bin/script -> ../../bin/busybox
  /workspaces/copy-fail-challenge-1/kernel/initramfs//usr/bin/seq -> ../../bin/busybox
  /workspaces/copy-fail-challenge-1/kernel/initramfs//usr/bin/setfattr -> ../../bin/busybox
  /workspaces/copy-fail-challenge-1/kernel/initramfs//usr/bin/setkeycodes -> ../../bin/busybox
  /workspaces/copy-fail-challenge-1/kernel/initramfs//usr/bin/setsid -> ../../bin/busybox
  /workspaces/copy-fail-challenge-1/kernel/initramfs//usr/bin/setuidgid -> ../../bin/busybox
  /workspaces/copy-fail-challenge-1/kernel/initramfs//usr/bin/sha1sum -> ../../bin/busybox
  /workspaces/copy-fail-challenge-1/kernel/initramfs//usr/bin/sha256sum -> ../../bin/busybox
  /workspaces/copy-fail-challenge-1/kernel/initramfs//usr/bin/sha384sum -> ../../bin/busybox
  /workspaces/copy-fail-challenge-1/kernel/initramfs//usr/bin/sha3sum -> ../../bin/busybox
  /workspaces/copy-fail-challenge-1/kernel/initramfs//usr/bin/sha512sum -> ../../bin/busybox
  /workspaces/copy-fail-challenge-1/kernel/initramfs//usr/bin/showkey -> ../../bin/busybox
  /workspaces/copy-fail-challenge-1/kernel/initramfs//usr/bin/shred -> ../../bin/busybox
  /workspaces/copy-fail-challenge-1/kernel/initramfs//usr/bin/shuf -> ../../bin/busybox
  /workspaces/copy-fail-challenge-1/kernel/initramfs//usr/bin/smemcap -> ../../bin/busybox
  /workspaces/copy-fail-challenge-1/kernel/initramfs//usr/bin/softlimit -> ../../bin/busybox
  /workspaces/copy-fail-challenge-1/kernel/initramfs//usr/bin/sort -> ../../bin/busybox
  /workspaces/copy-fail-challenge-1/kernel/initramfs//usr/bin/split -> ../../bin/busybox
  /workspaces/copy-fail-challenge-1/kernel/initramfs//usr/bin/ssl_client -> ../../bin/busybox
  /workspaces/copy-fail-challenge-1/kernel/initramfs//usr/bin/ssl_server -> ../../bin/busybox
  /workspaces/copy-fail-challenge-1/kernel/initramfs//usr/bin/strings -> ../../bin/busybox
  /workspaces/copy-fail-challenge-1/kernel/initramfs//usr/bin/sum -> ../../bin/busybox
  /workspaces/copy-fail-challenge-1/kernel/initramfs//usr/bin/sv -> ../../bin/busybox
  /workspaces/copy-fail-challenge-1/kernel/initramfs//usr/bin/svc -> ../../bin/busybox
  /workspaces/copy-fail-challenge-1/kernel/initramfs//usr/bin/svok -> ../../bin/busybox
  /workspaces/copy-fail-challenge-1/kernel/initramfs//usr/bin/tac -> ../../bin/busybox
  /workspaces/copy-fail-challenge-1/kernel/initramfs//usr/bin/tail -> ../../bin/busybox
  /workspaces/copy-fail-challenge-1/kernel/initramfs//usr/bin/taskset -> ../../bin/busybox
  /workspaces/copy-fail-challenge-1/kernel/initramfs//usr/bin/tcpsvd -> ../../bin/busybox
  /workspaces/copy-fail-challenge-1/kernel/initramfs//usr/bin/tee -> ../../bin/busybox
  /workspaces/copy-fail-challenge-1/kernel/initramfs//usr/bin/telnet -> ../../bin/busybox
  /workspaces/copy-fail-challenge-1/kernel/initramfs//usr/bin/test -> ../../bin/busybox
  /workspaces/copy-fail-challenge-1/kernel/initramfs//usr/bin/tftp -> ../../bin/busybox
  /workspaces/copy-fail-challenge-1/kernel/initramfs//usr/bin/time -> ../../bin/busybox
  /workspaces/copy-fail-challenge-1/kernel/initramfs//usr/bin/timeout -> ../../bin/busybox
  /workspaces/copy-fail-challenge-1/kernel/initramfs//usr/bin/top -> ../../bin/busybox
  /workspaces/copy-fail-challenge-1/kernel/initramfs//usr/bin/tr -> ../../bin/busybox
  /workspaces/copy-fail-challenge-1/kernel/initramfs//usr/bin/traceroute -> ../../bin/busybox
  /workspaces/copy-fail-challenge-1/kernel/initramfs//usr/bin/traceroute6 -> ../../bin/busybox
  /workspaces/copy-fail-challenge-1/kernel/initramfs//usr/bin/tree -> ../../bin/busybox
  /workspaces/copy-fail-challenge-1/kernel/initramfs//usr/bin/truncate -> ../../bin/busybox
  /workspaces/copy-fail-challenge-1/kernel/initramfs//usr/bin/ts -> ../../bin/busybox
  /workspaces/copy-fail-challenge-1/kernel/initramfs//usr/bin/tsort -> ../../bin/busybox
  /workspaces/copy-fail-challenge-1/kernel/initramfs//usr/bin/tty -> ../../bin/busybox
  /workspaces/copy-fail-challenge-1/kernel/initramfs//usr/bin/ttysize -> ../../bin/busybox
  /workspaces/copy-fail-challenge-1/kernel/initramfs//usr/bin/udhcpc6 -> ../../bin/busybox
  /workspaces/copy-fail-challenge-1/kernel/initramfs//usr/bin/udpsvd -> ../../bin/busybox
  /workspaces/copy-fail-challenge-1/kernel/initramfs//usr/bin/unexpand -> ../../bin/busybox
  /workspaces/copy-fail-challenge-1/kernel/initramfs//usr/bin/uniq -> ../../bin/busybox
  /workspaces/copy-fail-challenge-1/kernel/initramfs//usr/bin/unix2dos -> ../../bin/busybox
  /workspaces/copy-fail-challenge-1/kernel/initramfs//usr/bin/unlink -> ../../bin/busybox
  /workspaces/copy-fail-challenge-1/kernel/initramfs//usr/bin/unlzma -> ../../bin/busybox
  /workspaces/copy-fail-challenge-1/kernel/initramfs//usr/bin/unshare -> ../../bin/busybox
  /workspaces/copy-fail-challenge-1/kernel/initramfs//usr/bin/unxz -> ../../bin/busybox
  /workspaces/copy-fail-challenge-1/kernel/initramfs//usr/bin/unzip -> ../../bin/busybox
  /workspaces/copy-fail-challenge-1/kernel/initramfs//usr/bin/uptime -> ../../bin/busybox
  /workspaces/copy-fail-challenge-1/kernel/initramfs//usr/bin/users -> ../../bin/busybox
  /workspaces/copy-fail-challenge-1/kernel/initramfs//usr/bin/uudecode -> ../../bin/busybox
  /workspaces/copy-fail-challenge-1/kernel/initramfs//usr/bin/uuencode -> ../../bin/busybox
  /workspaces/copy-fail-challenge-1/kernel/initramfs//usr/bin/uuidgen -> ../../bin/busybox
  /workspaces/copy-fail-challenge-1/kernel/initramfs//usr/bin/vlock -> ../../bin/busybox
  /workspaces/copy-fail-challenge-1/kernel/initramfs//usr/bin/volname -> ../../bin/busybox
  /workspaces/copy-fail-challenge-1/kernel/initramfs//usr/bin/w -> ../../bin/busybox
  /workspaces/copy-fail-challenge-1/kernel/initramfs//usr/bin/wall -> ../../bin/busybox
  /workspaces/copy-fail-challenge-1/kernel/initramfs//usr/bin/wc -> ../../bin/busybox
  /workspaces/copy-fail-challenge-1/kernel/initramfs//usr/bin/wget -> ../../bin/busybox
  /workspaces/copy-fail-challenge-1/kernel/initramfs//usr/bin/which -> ../../bin/busybox
  /workspaces/copy-fail-challenge-1/kernel/initramfs//usr/bin/who -> ../../bin/busybox
  /workspaces/copy-fail-challenge-1/kernel/initramfs//usr/bin/whoami -> ../../bin/busybox
  /workspaces/copy-fail-challenge-1/kernel/initramfs//usr/bin/whois -> ../../bin/busybox
  /workspaces/copy-fail-challenge-1/kernel/initramfs//usr/bin/xargs -> ../../bin/busybox
  /workspaces/copy-fail-challenge-1/kernel/initramfs//usr/bin/xxd -> ../../bin/busybox
  /workspaces/copy-fail-challenge-1/kernel/initramfs//usr/bin/xz -> ../../bin/busybox
  /workspaces/copy-fail-challenge-1/kernel/initramfs//usr/bin/xzcat -> ../../bin/busybox
  /workspaces/copy-fail-challenge-1/kernel/initramfs//usr/bin/yes -> ../../bin/busybox
  /workspaces/copy-fail-challenge-1/kernel/initramfs//usr/sbin/add-shell -> ../../bin/busybox
  /workspaces/copy-fail-challenge-1/kernel/initramfs//usr/sbin/addgroup -> ../../bin/busybox
  /workspaces/copy-fail-challenge-1/kernel/initramfs//usr/sbin/adduser -> ../../bin/busybox
  /workspaces/copy-fail-challenge-1/kernel/initramfs//usr/sbin/arping -> ../../bin/busybox
  /workspaces/copy-fail-challenge-1/kernel/initramfs//usr/sbin/brctl -> ../../bin/busybox
  /workspaces/copy-fail-challenge-1/kernel/initramfs//usr/sbin/chat -> ../../bin/busybox
  /workspaces/copy-fail-challenge-1/kernel/initramfs//usr/sbin/chpasswd -> ../../bin/busybox
  /workspaces/copy-fail-challenge-1/kernel/initramfs//usr/sbin/chroot -> ../../bin/busybox
  /workspaces/copy-fail-challenge-1/kernel/initramfs//usr/sbin/crond -> ../../bin/busybox
  /workspaces/copy-fail-challenge-1/kernel/initramfs//usr/sbin/delgroup -> ../../bin/busybox
  /workspaces/copy-fail-challenge-1/kernel/initramfs//usr/sbin/deluser -> ../../bin/busybox
  /workspaces/copy-fail-challenge-1/kernel/initramfs//usr/sbin/dhcprelay -> ../../bin/busybox
  /workspaces/copy-fail-challenge-1/kernel/initramfs//usr/sbin/dnsd -> ../../bin/busybox
  /workspaces/copy-fail-challenge-1/kernel/initramfs//usr/sbin/ether-wake -> ../../bin/busybox
  /workspaces/copy-fail-challenge-1/kernel/initramfs//usr/sbin/fakeidentd -> ../../bin/busybox
  /workspaces/copy-fail-challenge-1/kernel/initramfs//usr/sbin/fbset -> ../../bin/busybox
  /workspaces/copy-fail-challenge-1/kernel/initramfs//usr/sbin/fdformat -> ../../bin/busybox
  /workspaces/copy-fail-challenge-1/kernel/initramfs//usr/sbin/fsfreeze -> ../../bin/busybox
  /workspaces/copy-fail-challenge-1/kernel/initramfs//usr/sbin/ftpd -> ../../bin/busybox
  /workspaces/copy-fail-challenge-1/kernel/initramfs//usr/sbin/httpd -> ../../bin/busybox
  /workspaces/copy-fail-challenge-1/kernel/initramfs//usr/sbin/i2cdetect -> ../../bin/busybox
  /workspaces/copy-fail-challenge-1/kernel/initramfs//usr/sbin/i2cdump -> ../../bin/busybox
  /workspaces/copy-fail-challenge-1/kernel/initramfs//usr/sbin/i2cget -> ../../bin/busybox
  /workspaces/copy-fail-challenge-1/kernel/initramfs//usr/sbin/i2cset -> ../../bin/busybox
  /workspaces/copy-fail-challenge-1/kernel/initramfs//usr/sbin/i2ctransfer -> ../../bin/busybox
  /workspaces/copy-fail-challenge-1/kernel/initramfs//usr/sbin/ifplugd -> ../../bin/busybox
  /workspaces/copy-fail-challenge-1/kernel/initramfs//usr/sbin/inetd -> ../../bin/busybox
  /workspaces/copy-fail-challenge-1/kernel/initramfs//usr/sbin/killall5 -> ../../bin/busybox
  /workspaces/copy-fail-challenge-1/kernel/initramfs//usr/sbin/loadfont -> ../../bin/busybox
  /workspaces/copy-fail-challenge-1/kernel/initramfs//usr/sbin/lpd -> ../../bin/busybox
  /workspaces/copy-fail-challenge-1/kernel/initramfs//usr/sbin/mim -> ../../bin/busybox
  /workspaces/copy-fail-challenge-1/kernel/initramfs//usr/sbin/nanddump -> ../../bin/busybox
  /workspaces/copy-fail-challenge-1/kernel/initramfs//usr/sbin/nandwrite -> ../../bin/busybox
  /workspaces/copy-fail-challenge-1/kernel/initramfs//usr/sbin/nbd-client -> ../../bin/busybox
  /workspaces/copy-fail-challenge-1/kernel/initramfs//usr/sbin/nologin -> ../../bin/busybox
  /workspaces/copy-fail-challenge-1/kernel/initramfs//usr/sbin/ntpd -> ../../bin/busybox
  /workspaces/copy-fail-challenge-1/kernel/initramfs//usr/sbin/partprobe -> ../../bin/busybox
  /workspaces/copy-fail-challenge-1/kernel/initramfs//usr/sbin/popmaildir -> ../../bin/busybox
  /workspaces/copy-fail-challenge-1/kernel/initramfs//usr/sbin/powertop -> ../../bin/busybox
  /workspaces/copy-fail-challenge-1/kernel/initramfs//usr/sbin/rdate -> ../../bin/busybox
  /workspaces/copy-fail-challenge-1/kernel/initramfs//usr/sbin/rdev -> ../../bin/busybox
  /workspaces/copy-fail-challenge-1/kernel/initramfs//usr/sbin/readahead -> ../../bin/busybox
  /workspaces/copy-fail-challenge-1/kernel/initramfs//usr/sbin/readprofile -> ../../bin/busybox
  /workspaces/copy-fail-challenge-1/kernel/initramfs//usr/sbin/remove-shell -> ../../bin/busybox
  /workspaces/copy-fail-challenge-1/kernel/initramfs//usr/sbin/rtcwake -> ../../bin/busybox
  /workspaces/copy-fail-challenge-1/kernel/initramfs//usr/sbin/seedrng -> ../../bin/busybox
  /workspaces/copy-fail-challenge-1/kernel/initramfs//usr/sbin/sendmail -> ../../bin/busybox
  /workspaces/copy-fail-challenge-1/kernel/initramfs//usr/sbin/setfont -> ../../bin/busybox
  /workspaces/copy-fail-challenge-1/kernel/initramfs//usr/sbin/setlogcons -> ../../bin/busybox
  /workspaces/copy-fail-challenge-1/kernel/initramfs//usr/sbin/svlogd -> ../../bin/busybox
  /workspaces/copy-fail-challenge-1/kernel/initramfs//usr/sbin/telnetd -> ../../bin/busybox
  /workspaces/copy-fail-challenge-1/kernel/initramfs//usr/sbin/tftpd -> ../../bin/busybox
  /workspaces/copy-fail-challenge-1/kernel/initramfs//usr/sbin/ubiattach -> ../../bin/busybox
  /workspaces/copy-fail-challenge-1/kernel/initramfs//usr/sbin/ubidetach -> ../../bin/busybox
  /workspaces/copy-fail-challenge-1/kernel/initramfs//usr/sbin/ubimkvol -> ../../bin/busybox
  /workspaces/copy-fail-challenge-1/kernel/initramfs//usr/sbin/ubirename -> ../../bin/busybox
  /workspaces/copy-fail-challenge-1/kernel/initramfs//usr/sbin/ubirmvol -> ../../bin/busybox
  /workspaces/copy-fail-challenge-1/kernel/initramfs//usr/sbin/ubirsvol -> ../../bin/busybox
  /workspaces/copy-fail-challenge-1/kernel/initramfs//usr/sbin/ubiupdatevol -> ../../bin/busybox
  /workspaces/copy-fail-challenge-1/kernel/initramfs//usr/sbin/udhcpd -> ../../bin/busybox


--------------------------------------------------
You will probably need to make your busybox binary
setuid root to ensure all configured applets will
work properly.
--------------------------------------------------

[1;36m[5/6] Incluyendo Python 3 en el initramfs...[0m
[1;36m[6/6] Empaquetando initramfs...[0m
66133 blocks

[1;32m✓ rootfs listo → kernel/build/initramfs.cpio.gz[0m

  Siguiente paso: [1;36mmake qemu[0m
  (o: [1;36mSTUDENT_ID=tunombre make qemu[0m)
